<?xml version="1.0" encoding="UTF-8"?>
<!-- Generated by org.testng.reporters.JUnitXMLReporter -->
<testsuite hostname="USER-20160327TR" name="Login" tests="4" failures="1" timestamp="27 Apr 2016 08:33:18 GMT" time="39.981" errors="0">
  <testcase name="testlogin" time="7.652" classname="testcases.Login">
    <skipped/>
  </testcase> <!-- testlogin -->
  <testcase name="testlogin" time="6.643" classname="testcases.Login">
    <skipped/>
  </testcase> <!-- testlogin -->
  <testcase name="testlogin" time="6.861" classname="testcases.Login">
    <skipped/>
  </testcase> <!-- testlogin -->
  <testcase name="testlogin" time="6.709" classname="testcases.Login">
    <failure type="org.junit.ComparisonFailure" message="expected:&amp;lt;[aa]&amp;gt; but was:&amp;lt;[login]&amp;gt;">
      <![CDATA[org.junit.ComparisonFailure: expected:<[aa]> but was:<[login]>
	at org.junit.Assert.assertEquals(Assert.java:115)
	at org.junit.Assert.assertEquals(Assert.java:144)
	at commonfunction.CommonFunctions.checkequal(CommonFunctions.java:192)
	at testcases.Login.testlogin(Login.java:36)
... Removed 24 stack frames]]>
    </failure>
  </testcase> <!-- testlogin -->
</testsuite> <!-- Login -->
