<?xml version="1.0" encoding="UTF-8"?>
<!-- Generated by org.testng.reporters.JUnitXMLReporter -->
<testsuite hostname="USER-20160327TR" name="Login" tests="1" failures="1" timestamp="6 Apr 2016 03:02:32 GMT" time="15.055" errors="0">
  <testcase name="testlogin" time="4.049" classname="testcases.Login">
    <failure type="org.junit.ComparisonFailure" message="expected:&amp;lt;[]&amp;gt; but was:&amp;lt;[随米用户_7720]&amp;gt;">
      <![CDATA[org.junit.ComparisonFailure: expected:<[]> but was:<[随米用户_7720]>
	at org.junit.Assert.assertEquals(Assert.java:115)
	at org.junit.Assert.assertEquals(Assert.java:144)
	at commonfunction.CommonFunctions.checkequal(CommonFunctions.java:176)
	at testcases.Login.testlogin(Login.java:33)
... Removed 24 stack frames]]>
    </failure>
  </testcase> <!-- testlogin -->
</testsuite> <!-- Login -->
