<?xml version="1.0" encoding="UTF-8"?>
<!-- Generated by org.testng.reporters.JUnitXMLReporter -->
<testsuite hostname="USER-20160327TR" name="ModifyData" tests="1" failures="1" timestamp="22 Apr 2016 09:49:30 GMT" time="59.168" errors="0">
  <testcase name="testmodifydata" time="54.26" classname="testcases.ModifyData">
    <failure type="org.junit.ComparisonFailure" message="expected:&amp;lt;提交[成功]&amp;gt; but was:&amp;lt;提交[失败，请稍后再试]&amp;gt;">
      <![CDATA[org.junit.ComparisonFailure: expected:<提交[成功]> but was:<提交[失败，请稍后再试]>
	at org.junit.Assert.assertEquals(Assert.java:115)
	at org.junit.Assert.assertEquals(Assert.java:144)
	at commonfunction.CommonFunctions.checkequal(CommonFunctions.java:192)
	at testcases.ModifyData.testmodifydata(ModifyData.java:98)
... Removed 24 stack frames]]>
    </failure>
  </testcase> <!-- testmodifydata -->
</testsuite> <!-- ModifyData -->
