<?xml version="1.0" encoding="UTF-8"?>
<!-- Generated by org.testng.reporters.JUnitXMLReporter -->
<testsuite hostname="USER-20160327TR" name="Order" tests="1" failures="1" timestamp="22 Apr 2016 09:47:38 GMT" time="63.581" errors="0">
  <testcase name="testorder" time="58.298" classname="testcases.Order">
    <failure type="org.openqa.selenium.ElementNotVisibleException" message="The point at which the driver is attempting to click on the element was not scrolled into the viewport. (WARNING: The server did not provide any stacktrace information)
Command duration or timeout: 344 milliseconds
Build info: version: &amp;apos;2.52.0&amp;apos;, revision: &amp;apos;4c2593c&amp;apos;, time: &amp;apos;2016-02-11 19:03:33&amp;apos;
System info: host: &amp;apos;USER-20160327TR&amp;apos;, ip: &amp;apos;192.168.163.1&amp;apos;, os.name: &amp;apos;Windows 7&amp;apos;, os.arch: &amp;apos;amd64&amp;apos;, os.version: &amp;apos;6.1&amp;apos;, java.version: &amp;apos;1.7.0_79&amp;apos;
Session ID: 3a881e10-d854-42a9-bdd5-1bb5290f5d1e
Driver info: org.openqa.selenium.ie.InternetExplorerDriver
Capabilities [{platform=WINDOWS, javascriptEnabled=true, cssSelectorsEnabled=true, handlesAlerts=true, browserName=internet explorer, nativeEvents=true, takesScreenshot=true, version=-1}]">
      <![CDATA[org.openqa.selenium.ElementNotVisibleException: The point at which the driver is attempting to click on the element was not scrolled into the viewport. (WARNING: The server did not provide any stacktrace information)
Command duration or timeout: 344 milliseconds
Build info: version: '2.52.0', revision: '4c2593c', time: '2016-02-11 19:03:33'
System info: host: 'USER-20160327TR', ip: '192.168.163.1', os.name: 'Windows 7', os.arch: 'amd64', os.version: '6.1', java.version: '1.7.0_79'
Session ID: 3a881e10-d854-42a9-bdd5-1bb5290f5d1e
Driver info: org.openqa.selenium.ie.InternetExplorerDriver
Capabilities [{platform=WINDOWS, javascriptEnabled=true, cssSelectorsEnabled=true, handlesAlerts=true, browserName=internet explorer, nativeEvents=true, takesScreenshot=true, version=-1}]
	at org.openqa.selenium.remote.ErrorHandler.createThrowable(ErrorHandler.java:206)
	at org.openqa.selenium.remote.ErrorHandler.throwIfResponseFailed(ErrorHandler.java:158)
	at org.openqa.selenium.remote.RemoteWebDriver.execute(RemoteWebDriver.java:678)
	at org.openqa.selenium.remote.RemoteWebElement.execute(RemoteWebElement.java:327)
	at org.openqa.selenium.remote.RemoteWebElement.click(RemoteWebElement.java:85)
	at commonfunction.CommonFunctions.clickitem(CommonFunctions.java:131)
	at testcases.Order.testorder(Order.java:51)
... Removed 28 stack frames]]>
    </failure>
  </testcase> <!-- testorder -->
</testsuite> <!-- Order -->
