<html xmlns:math="http://exslt.org/math" xmlns:testng="http://testng.org">
   <head>
      <title>TestNG Results</title>
      <meta http-equiv="content-type" content="text/html; charset=utf-8"></meta>
      <meta http-equiv="pragma" content="no-cache"></meta>
      <meta http-equiv="cache-control" content="max-age=0"></meta>
      <meta http-equiv="cache-control" content="no-cache"></meta>
      <meta http-equiv="cache-control" content="no-store"></meta>
      <LINK rel="stylesheet" href="style.css"></LINK>
      <script type="text/javascript" src="main.js"></script>
   </head>
   <body>
      <table width="100%" style="font-size: 16px; margin-bottom: 10px;" cellspacing="1">
         <tr>
            <td width="100%">
               All methods in suite
               
               <b>Suite</b>
            </td>
            <td style="background-color: #FFBBBB; padding: 3px 3px 3px 0;" align="center">
               <div style="width: 50px;">3</div>
            </td>
            <td style="background-color: lightgreen; padding: 3px 3px 3px 0;" align="center">
               <div style="width: 50px;">6</div>
            </td>
            <td style="background-color: #FFFFBB; padding: 3px 3px 3px 0;" align="center">
               <div style="width: 50px;">0</div>
            </td>
            <td align="center" style="background-color: #eaf0f7; padding: 3px 3px 3px 0;">
               <div style="width: 50px;">9</div>
            </td>
            <td align="center"
                style="font-weight: bold; background-color: #eaf0f7; padding: 3px 3px 3px 0;">
               <div style="width: 50px;">67%</div>
            </td>
         </tr>
      </table>
      <div style="width: 200px;">
         <label for="groupMethodsCheckBox" style="font-weight: bold; margin: 0;">
            <input id="groupMethodsCheckBox" type="checkbox" onclick="switchTestMethodsView(this)"></input>
            Group by class
            
         </label>
         <br></br>
         <label for="methodsFilter_ALL" style="font-weight: bold; margin: 0;">
            <input id="methodsFilter_ALL" type="checkbox"
                   onclick="testMethodsFilterChanged(this, 'ALL')"></input>
            All
            
         </label>
      </div>
      <label for="methodsFilter_FAIL" style="margin-left: 20px;">
         <input id="methodsFilter_FAIL" type="checkbox"
                onclick="testMethodsFilterChanged(this, 'FAIL')"
                checked=""></input>
         Failed
         
      </label>
      <label for="methodsFilter_PASS">
         <input id="methodsFilter_PASS" type="checkbox"
                onclick="testMethodsFilterChanged(this, 'PASS')"
                checked=""></input>
         Passed
         
      </label>
      <label for="methodsFilter_SKIP">
         <input id="methodsFilter_SKIP" type="checkbox"
                onclick="testMethodsFilterChanged(this, 'SKIP')"
                checked=""></input>
         Skipped
         
      </label>
      <label for="methodsFilter_CONF">
         <input id="methodsFilter_CONF" type="checkbox"
                onclick="testMethodsFilterChanged(this, 'CONF')"></input>
         Config
         
      </label>
      <br></br>
      <div id="testMethodsByStatus">
         <table class="testMethodsTable" cellpadding="0" cellspacing="0">
            <tr class="methodsTableHeader">
               <td width="100%">Name</td>
               <td nowrap="true">Started</td>
               <td nowrap="true">Duration</td>
               <td>Exception</td>
            </tr>
            <tr id="testcases.Order_testorder_byStatus_failed_FAIL1_row"
                class="testMethodStatusFAIL">
               <td width="100%" class="firstMethodCell">
                  <a onclick="toggleDetailsVisibility('testcases.Order_testorder_byStatus_failed_FAIL1_details')">testorder([#document: null])</a>
               </td>
               <td nowrap="true">14:54:25</td>
               <td nowrap="true" align="right">3m
                  52s
                  
               </td>
               <td nowrap="true">
                  <a onclick="toggleDetailsVisibility('testcases.Order_testorder_byStatus_failed_FAIL1_exception')">org.openqa.selenium.NoSuchElementException: 
                     Unable to locate element: {"method":"class name","selector":"logo-title"}
                     Command duration or timeout: 15 milliseconds
                     For documentation on this error, please visit: http://seleniumhq.org/exceptions/no_such_element.html
                     Build info: version: '2.52.0', revision: '4c2593c', time: '2016-02-11 19:03:33'
                     System info: host: 'USER-20160327TR', ip: '192.168.199.230', os.name: 'Windows 7', os.arch: 'amd64', os.version: '6.1', java.version:
                     '1.7.0_79'
                     *** Element info: {Using=class name, value=logo-title}
                     Session ID: 6f4ca35e-4311-4802-a2ed-31f038ee0f4b
                     Driver info: org.openqa.selenium.firefox.FirefoxDriver
                     Capabilities [{platform=WINDOWS, acceptSslCerts=true, javascriptEnabled=true, cssSelectorsEnabled=true, databaseEnabled=true,
                     browserName=firefox, handlesAlerts=true, nativeEvents=false, webStorageEnabled=true, rotatable=false, locationContextEnabled=true,
                     applicationCacheEnabled=true, takesScreenshot=true, version=45.0.1}]
                     
                  </a>
                   
                  
               </td>
            </tr>
            <tr>
               <td colspan="4"
                   style="padding: 0; background-color: white; border-style: none; height: 0px;">
                  <div id="testcases.Order_testorder_byStatus_failed_FAIL1_details"
                       class="testMethodDetails">
                     <div>
                        <b>Name:
                           
                        </b>testorder
                     </div>
                     <div>
                        <b>Signature:
                           
                        </b>testorder(org.w3c.dom.Document)[pri:0, instance:testcases.Order@f7fb9e0]
                     </div>
                     <div>
                        <b>Parameters:
                           
                        </b>
                        
                        [#document: null]
                        
                        
                     </div>
                     <div>
                        <b>Start time:
                           
                        </b>14:54:25
                     </div>
                     <div>
                        <b>End time:
                           
                        </b>14:57:17
                     </div>
                     <div>
                        <b>Duration:
                           
                        </b>3m
                        52s
                        
                     </div>
                  </div>
               </td>
            </tr>
            <tr>
               <td colspan="4"
                   style="padding: 0; background-color: white; border-style: none; height: 0px;">
                  <div id="testcases.Order_testorder_byStatus_failed_FAIL1_exception"
                       class="testMethodDetails">
                     <pre style="padding: 5px; margin: 0;">org.openqa.selenium.NoSuchElementException: Unable to locate element: {"method":"class name","selector":"logo-title"}
                        Command duration or timeout: 15 milliseconds
                        For documentation on this error, please visit: http://seleniumhq.org/exceptions/no_such_element.html
                        Build info: version: '2.52.0', revision: '4c2593c', time: '2016-02-11 19:03:33'
                        System info: host: 'USER-20160327TR', ip: '192.168.199.230', os.name: 'Windows 7', os.arch: 'amd64', os.version: '6.1', java.version:
                        '1.7.0_79'
                        *** Element info: {Using=class name, value=logo-title}
                        Session ID: 6f4ca35e-4311-4802-a2ed-31f038ee0f4b
                        Driver info: org.openqa.selenium.firefox.FirefoxDriver
                        Capabilities [{platform=WINDOWS, acceptSslCerts=true, javascriptEnabled=true, cssSelectorsEnabled=true, databaseEnabled=true,
                        browserName=firefox, handlesAlerts=true, nativeEvents=false, webStorageEnabled=true, rotatable=false, locationContextEnabled=true,
                        applicationCacheEnabled=true, takesScreenshot=true, version=45.0.1}]
                        	at sun.reflect.NativeConstructorAccessorImpl.newInstance0(Native Method)
                        	at sun.reflect.NativeConstructorAccessorImpl.newInstance(NativeConstructorAccessorImpl.java:57)
                        	at sun.reflect.DelegatingConstructorAccessorImpl.newInstance(DelegatingConstructorAccessorImpl.java:45)
                        	at java.lang.reflect.Constructor.newInstance(Constructor.java:526)
                        	at org.openqa.selenium.remote.ErrorHandler.createThrowable(ErrorHandler.java:206)
                        	at org.openqa.selenium.remote.ErrorHandler.throwIfResponseFailed(ErrorHandler.java:158)
                        	at org.openqa.selenium.remote.RemoteWebDriver.execute(RemoteWebDriver.java:678)
                        	at org.openqa.selenium.remote.RemoteWebDriver.findElement(RemoteWebDriver.java:363)
                        	at org.openqa.selenium.remote.RemoteWebDriver.findElementByClassName(RemoteWebDriver.java:477)
                        	at org.openqa.selenium.By$ByClassName.findElement(By.java:391)
                        	at org.openqa.selenium.remote.RemoteWebDriver.findElement(RemoteWebDriver.java:355)
                        	at commonfunction.CommonFunctions.gettext(CommonFunctions.java:77)
                        	at testcases.Order.testorder(Order.java:54)
                        	at sun.reflect.NativeMethodAccessorImpl.invoke0(Native Method)
                        	at sun.reflect.NativeMethodAccessorImpl.invoke(NativeMethodAccessorImpl.java:57)
                        	at sun.reflect.DelegatingMethodAccessorImpl.invoke(DelegatingMethodAccessorImpl.java:43)
                        	at java.lang.reflect.Method.invoke(Method.java:606)
                        	at org.testng.internal.MethodInvocationHelper.invokeMethod(MethodInvocationHelper.java:86)
                        	at org.testng.internal.Invoker.invokeMethod(Invoker.java:645)
                        	at org.testng.internal.Invoker.invokeTestMethod(Invoker.java:822)
                        	at org.testng.internal.Invoker.invokeTestMethods(Invoker.java:1130)
                        	at org.testng.internal.TestMethodWorker.invokeTestMethods(TestMethodWorker.java:129)
                        	at org.testng.internal.TestMethodWorker.run(TestMethodWorker.java:112)
                        	at org.testng.TestRunner.privateRun(TestRunner.java:782)
                        	at org.testng.TestRunner.run(TestRunner.java:632)
                        	at org.testng.SuiteRunner.runTest(SuiteRunner.java:366)
                        	at org.testng.SuiteRunner.runSequentially(SuiteRunner.java:361)
                        	at org.testng.SuiteRunner.privateRun(SuiteRunner.java:319)
                        	at org.testng.SuiteRunner.run(SuiteRunner.java:268)
                        	at org.testng.SuiteRunnerWorker.runSuite(SuiteRunnerWorker.java:52)
                        	at org.testng.SuiteRunnerWorker.run(SuiteRunnerWorker.java:86)
                        	at org.testng.TestNG.runSuitesSequentially(TestNG.java:1244)
                        	at org.testng.TestNG.runSuitesLocally(TestNG.java:1169)
                        	at org.testng.TestNG.run(TestNG.java:1064)
                        	at org.testng.remote.RemoteTestNG.run(RemoteTestNG.java:113)
                        	at org.testng.remote.RemoteTestNG.initAndRun(RemoteTestNG.java:206)
                        	at org.testng.remote.RemoteTestNG.main(RemoteTestNG.java:177)
                        Caused by: org.openqa.selenium.NoSuchElementException: Unable to locate element: {"method":"class name","selector":"logo-title"}
                        For documentation on this error, please visit: http://seleniumhq.org/exceptions/no_such_element.html
                        Build info: version: '2.52.0', revision: '4c2593c', time: '2016-02-11 19:03:33'
                        System info: host: 'USER-20160327TR', ip: '192.168.199.230', os.name: 'Windows 7', os.arch: 'amd64', os.version: '6.1', java.version:
                        '1.7.0_79'
                        Driver info: driver.version: unknown
                        	at &lt;anonymous class&gt;.FirefoxDriver.prototype.findElementInternal_(file:///C:/Users/ADMINI~1/AppData/Local/Temp/anonymous4087291179658017009webdriver-profile/extensions/fxdriver@googlecode.com/components/driver-component.js:10723)
                        	at &lt;anonymous class&gt;.FirefoxDriver.prototype.findElement(file:///C:/Users/ADMINI~1/AppData/Local/Temp/anonymous4087291179658017009webdriver-profile/extensions/fxdriver@googlecode.com/components/driver-component.js:10732)
                        	at &lt;anonymous class&gt;.DelayedCommand.prototype.executeInternal_/h(file:///C:/Users/ADMINI~1/AppData/Local/Temp/anonymous4087291179658017009webdriver-profile/extensions/fxdriver@googlecode.com/components/command-processor.js:12614)
                        	at &lt;anonymous class&gt;.DelayedCommand.prototype.executeInternal_(file:///C:/Users/ADMINI~1/AppData/Local/Temp/anonymous4087291179658017009webdriver-profile/extensions/fxdriver@googlecode.com/components/command-processor.js:12619)
                        	at &lt;anonymous class&gt;.DelayedCommand.prototype.execute/&lt;(file:///C:/Users/ADMINI~1/AppData/Local/Temp/anonymous4087291179658017009webdriver-profile/extensions/fxdriver@googlecode.com/components/command-processor.js:12561)
                     </pre>
                  </div>
               </td>
            </tr>
            <tr id="testcases.PrintShop_testprint_byStatus_failed_FAIL2_row"
                class="testMethodStatusFAIL">
               <td width="100%" class="firstMethodCell">
                  <a onclick="toggleDetailsVisibility('testcases.PrintShop_testprint_byStatus_failed_FAIL2_details')">testprint([#document: null])</a>
               </td>
               <td nowrap="true">14:57:26</td>
               <td nowrap="true" align="right">16s
                  
               </td>
               <td nowrap="true">
                  <a onclick="toggleDetailsVisibility('testcases.PrintShop_testprint_byStatus_failed_FAIL2_exception')">org.junit.ComparisonFailure: 
                     expected:&lt;[]好精神&gt; but was:&lt;[上海交通大学 ]好精神&gt;
                     
                  </a>
                   
                  
               </td>
            </tr>
            <tr>
               <td colspan="4"
                   style="padding: 0; background-color: white; border-style: none; height: 0px;">
                  <div id="testcases.PrintShop_testprint_byStatus_failed_FAIL2_details"
                       class="testMethodDetails">
                     <div>
                        <b>Name:
                           
                        </b>testprint
                     </div>
                     <div>
                        <b>Signature:
                           
                        </b>testprint(org.w3c.dom.Document)[pri:0, instance:testcases.PrintShop@6e28d8da]
                     </div>
                     <div>
                        <b>Parameters:
                           
                        </b>
                        
                        [#document: null]
                        
                        
                     </div>
                     <div>
                        <b>Start time:
                           
                        </b>14:57:26
                     </div>
                     <div>
                        <b>End time:
                           
                        </b>14:57:43
                     </div>
                     <div>
                        <b>Duration:
                           
                        </b>16s
                        
                     </div>
                  </div>
               </td>
            </tr>
            <tr>
               <td colspan="4"
                   style="padding: 0; background-color: white; border-style: none; height: 0px;">
                  <div id="testcases.PrintShop_testprint_byStatus_failed_FAIL2_exception"
                       class="testMethodDetails">
                     <pre style="padding: 5px; margin: 0;">org.junit.ComparisonFailure: expected:&lt;[]好精神&gt; but was:&lt;[上海交通大学 ]好精神&gt;
                        	at org.junit.Assert.assertEquals(Assert.java:115)
                        	at org.junit.Assert.assertEquals(Assert.java:144)
                        	at commonfunction.CommonFunctions.checkequal(CommonFunctions.java:184)
                        	at testcases.PrintShop.testprint(PrintShop.java:46)
                        	at sun.reflect.NativeMethodAccessorImpl.invoke0(Native Method)
                        	at sun.reflect.NativeMethodAccessorImpl.invoke(NativeMethodAccessorImpl.java:57)
                        	at sun.reflect.DelegatingMethodAccessorImpl.invoke(DelegatingMethodAccessorImpl.java:43)
                        	at java.lang.reflect.Method.invoke(Method.java:606)
                        	at org.testng.internal.MethodInvocationHelper.invokeMethod(MethodInvocationHelper.java:86)
                        	at org.testng.internal.Invoker.invokeMethod(Invoker.java:645)
                        	at org.testng.internal.Invoker.invokeTestMethod(Invoker.java:822)
                        	at org.testng.internal.Invoker.invokeTestMethods(Invoker.java:1130)
                        	at org.testng.internal.TestMethodWorker.invokeTestMethods(TestMethodWorker.java:129)
                        	at org.testng.internal.TestMethodWorker.run(TestMethodWorker.java:112)
                        	at org.testng.TestRunner.privateRun(TestRunner.java:782)
                        	at org.testng.TestRunner.run(TestRunner.java:632)
                        	at org.testng.SuiteRunner.runTest(SuiteRunner.java:366)
                        	at org.testng.SuiteRunner.runSequentially(SuiteRunner.java:361)
                        	at org.testng.SuiteRunner.privateRun(SuiteRunner.java:319)
                        	at org.testng.SuiteRunner.run(SuiteRunner.java:268)
                        	at org.testng.SuiteRunnerWorker.runSuite(SuiteRunnerWorker.java:52)
                        	at org.testng.SuiteRunnerWorker.run(SuiteRunnerWorker.java:86)
                        	at org.testng.TestNG.runSuitesSequentially(TestNG.java:1244)
                        	at org.testng.TestNG.runSuitesLocally(TestNG.java:1169)
                        	at org.testng.TestNG.run(TestNG.java:1064)
                        	at org.testng.remote.RemoteTestNG.run(RemoteTestNG.java:113)
                        	at org.testng.remote.RemoteTestNG.initAndRun(RemoteTestNG.java:206)
                        	at org.testng.remote.RemoteTestNG.main(RemoteTestNG.java:177)
                     </pre>
                  </div>
               </td>
            </tr>
            <tr id="testcases.ModifyData_testmodify_byStatus_failed_FAIL3_row"
                class="testMethodStatusFAIL">
               <td width="100%" class="firstMethodCell">
                  <a onclick="toggleDetailsVisibility('testcases.ModifyData_testmodify_byStatus_failed_FAIL3_details')">testmodify([#document: null])</a>
               </td>
               <td nowrap="true">14:57:52</td>
               <td nowrap="true" align="right">27s
                  
               </td>
               <td nowrap="true">
                  <a onclick="toggleDetailsVisibility('testcases.ModifyData_testmodify_byStatus_failed_FAIL3_exception')">org.openqa.selenium.NoSuchElementException: 
                     Unable to locate element: {"method":"xpath","selector":".//*[@id='app']/div/div[2]/div[2]/div[2]/div/div/div[1]/div[2]/div[5]/div[1]/div/i"}
                     Command duration or timeout: 13 milliseconds
                     For documentation on this error, please visit: http://seleniumhq.org/exceptions/no_such_element.html
                     Build info: version: '2.52.0', revision: '4c2593c', time: '2016-02-11 19:03:33'
                     System info: host: 'USER-20160327TR', ip: '192.168.199.230', os.name: 'Windows 7', os.arch: 'amd64', os.version: '6.1', java.version:
                     '1.7.0_79'
                     *** Element info: {Using=xpath, value=.//*[@id='app']/div/div[2]/div[2]/div[2]/div/div/div[1]/div[2]/div[5]/div[1]/div/i}
                     Session ID: e0a4ecd1-f634-4615-b464-4432739852d2
                     Driver info: org.openqa.selenium.firefox.FirefoxDriver
                     Capabilities [{platform=WINDOWS, acceptSslCerts=true, javascriptEnabled=true, cssSelectorsEnabled=true, databaseEnabled=true,
                     browserName=firefox, handlesAlerts=true, nativeEvents=false, webStorageEnabled=true, rotatable=false, locationContextEnabled=true,
                     applicationCacheEnabled=true, takesScreenshot=true, version=45.0.1}]
                     
                  </a>
                   
                  
               </td>
            </tr>
            <tr>
               <td colspan="4"
                   style="padding: 0; background-color: white; border-style: none; height: 0px;">
                  <div id="testcases.ModifyData_testmodify_byStatus_failed_FAIL3_details"
                       class="testMethodDetails">
                     <div>
                        <b>Name:
                           
                        </b>testmodify
                     </div>
                     <div>
                        <b>Signature:
                           
                        </b>testmodify(org.w3c.dom.Document)[pri:0, instance:testcases.ModifyData@324382f9]
                     </div>
                     <div>
                        <b>Parameters:
                           
                        </b>
                        
                        [#document: null]
                        
                        
                     </div>
                     <div>
                        <b>Start time:
                           
                        </b>14:57:52
                     </div>
                     <div>
                        <b>End time:
                           
                        </b>14:58:19
                     </div>
                     <div>
                        <b>Duration:
                           
                        </b>27s
                        
                     </div>
                  </div>
               </td>
            </tr>
            <tr>
               <td colspan="4"
                   style="padding: 0; background-color: white; border-style: none; height: 0px;">
                  <div id="testcases.ModifyData_testmodify_byStatus_failed_FAIL3_exception"
                       class="testMethodDetails">
                     <pre style="padding: 5px; margin: 0;">org.openqa.selenium.NoSuchElementException: Unable to locate element: {"method":"xpath","selector":".//*[@id='app']/div/div[2]/div[2]/div[2]/div/div/div[1]/div[2]/div[5]/div[1]/div/i"}
                        Command duration or timeout: 13 milliseconds
                        For documentation on this error, please visit: http://seleniumhq.org/exceptions/no_such_element.html
                        Build info: version: '2.52.0', revision: '4c2593c', time: '2016-02-11 19:03:33'
                        System info: host: 'USER-20160327TR', ip: '192.168.199.230', os.name: 'Windows 7', os.arch: 'amd64', os.version: '6.1', java.version:
                        '1.7.0_79'
                        *** Element info: {Using=xpath, value=.//*[@id='app']/div/div[2]/div[2]/div[2]/div/div/div[1]/div[2]/div[5]/div[1]/div/i}
                        Session ID: e0a4ecd1-f634-4615-b464-4432739852d2
                        Driver info: org.openqa.selenium.firefox.FirefoxDriver
                        Capabilities [{platform=WINDOWS, acceptSslCerts=true, javascriptEnabled=true, cssSelectorsEnabled=true, databaseEnabled=true,
                        browserName=firefox, handlesAlerts=true, nativeEvents=false, webStorageEnabled=true, rotatable=false, locationContextEnabled=true,
                        applicationCacheEnabled=true, takesScreenshot=true, version=45.0.1}]
                        	at sun.reflect.NativeConstructorAccessorImpl.newInstance0(Native Method)
                        	at sun.reflect.NativeConstructorAccessorImpl.newInstance(NativeConstructorAccessorImpl.java:57)
                        	at sun.reflect.DelegatingConstructorAccessorImpl.newInstance(DelegatingConstructorAccessorImpl.java:45)
                        	at java.lang.reflect.Constructor.newInstance(Constructor.java:526)
                        	at org.openqa.selenium.remote.ErrorHandler.createThrowable(ErrorHandler.java:206)
                        	at org.openqa.selenium.remote.ErrorHandler.throwIfResponseFailed(ErrorHandler.java:158)
                        	at org.openqa.selenium.remote.RemoteWebDriver.execute(RemoteWebDriver.java:678)
                        	at org.openqa.selenium.remote.RemoteWebDriver.findElement(RemoteWebDriver.java:363)
                        	at org.openqa.selenium.remote.RemoteWebDriver.findElementByXPath(RemoteWebDriver.java:500)
                        	at org.openqa.selenium.By$ByXPath.findElement(By.java:361)
                        	at org.openqa.selenium.remote.RemoteWebDriver.findElement(RemoteWebDriver.java:355)
                        	at commonfunction.CommonFunctions.clickitem(CommonFunctions.java:100)
                        	at testcases.ModifyData.testmodify(ModifyData.java:69)
                        	at sun.reflect.NativeMethodAccessorImpl.invoke0(Native Method)
                        	at sun.reflect.NativeMethodAccessorImpl.invoke(NativeMethodAccessorImpl.java:57)
                        	at sun.reflect.DelegatingMethodAccessorImpl.invoke(DelegatingMethodAccessorImpl.java:43)
                        	at java.lang.reflect.Method.invoke(Method.java:606)
                        	at org.testng.internal.MethodInvocationHelper.invokeMethod(MethodInvocationHelper.java:86)
                        	at org.testng.internal.Invoker.invokeMethod(Invoker.java:645)
                        	at org.testng.internal.Invoker.invokeTestMethod(Invoker.java:822)
                        	at org.testng.internal.Invoker.invokeTestMethods(Invoker.java:1130)
                        	at org.testng.internal.TestMethodWorker.invokeTestMethods(TestMethodWorker.java:129)
                        	at org.testng.internal.TestMethodWorker.run(TestMethodWorker.java:112)
                        	at org.testng.TestRunner.privateRun(TestRunner.java:782)
                        	at org.testng.TestRunner.run(TestRunner.java:632)
                        	at org.testng.SuiteRunner.runTest(SuiteRunner.java:366)
                        	at org.testng.SuiteRunner.runSequentially(SuiteRunner.java:361)
                        	at org.testng.SuiteRunner.privateRun(SuiteRunner.java:319)
                        	at org.testng.SuiteRunner.run(SuiteRunner.java:268)
                        	at org.testng.SuiteRunnerWorker.runSuite(SuiteRunnerWorker.java:52)
                        	at org.testng.SuiteRunnerWorker.run(SuiteRunnerWorker.java:86)
                        	at org.testng.TestNG.runSuitesSequentially(TestNG.java:1244)
                        	at org.testng.TestNG.runSuitesLocally(TestNG.java:1169)
                        	at org.testng.TestNG.run(TestNG.java:1064)
                        	at org.testng.remote.RemoteTestNG.run(RemoteTestNG.java:113)
                        	at org.testng.remote.RemoteTestNG.initAndRun(RemoteTestNG.java:206)
                        	at org.testng.remote.RemoteTestNG.main(RemoteTestNG.java:177)
                        Caused by: org.openqa.selenium.NoSuchElementException: Unable to locate element: {"method":"xpath","selector":".//*[@id='app']/div/div[2]/div[2]/div[2]/div/div/div[1]/div[2]/div[5]/div[1]/div/i"}
                        For documentation on this error, please visit: http://seleniumhq.org/exceptions/no_such_element.html
                        Build info: version: '2.52.0', revision: '4c2593c', time: '2016-02-11 19:03:33'
                        System info: host: 'USER-20160327TR', ip: '192.168.199.230', os.name: 'Windows 7', os.arch: 'amd64', os.version: '6.1', java.version:
                        '1.7.0_79'
                        Driver info: driver.version: unknown
                        	at &lt;anonymous class&gt;.FirefoxDriver.prototype.findElementInternal_(file:///C:/Users/ADMINI~1/AppData/Local/Temp/anonymous8801866255891589514webdriver-profile/extensions/fxdriver@googlecode.com/components/driver-component.js:10723)
                        	at &lt;anonymous class&gt;.FirefoxDriver.prototype.findElement(file:///C:/Users/ADMINI~1/AppData/Local/Temp/anonymous8801866255891589514webdriver-profile/extensions/fxdriver@googlecode.com/components/driver-component.js:10732)
                        	at &lt;anonymous class&gt;.DelayedCommand.prototype.executeInternal_/h(file:///C:/Users/ADMINI~1/AppData/Local/Temp/anonymous8801866255891589514webdriver-profile/extensions/fxdriver@googlecode.com/components/command-processor.js:12614)
                        	at &lt;anonymous class&gt;.DelayedCommand.prototype.executeInternal_(file:///C:/Users/ADMINI~1/AppData/Local/Temp/anonymous8801866255891589514webdriver-profile/extensions/fxdriver@googlecode.com/components/command-processor.js:12619)
                        	at &lt;anonymous class&gt;.DelayedCommand.prototype.execute/&lt;(file:///C:/Users/ADMINI~1/AppData/Local/Temp/anonymous8801866255891589514webdriver-profile/extensions/fxdriver@googlecode.com/components/command-processor.js:12561)
                     </pre>
                  </div>
               </td>
            </tr>
            <tr id="testcases.Login_setup_byStatus_passed_PASS1_row"
                class="testMethodStatusPASS testMethodStatusCONF">
               <td width="100%" class="firstMethodCell">
                  <a onclick="toggleDetailsVisibility('testcases.Login_setup_byStatus_passed_PASS1_details')">setup()</a>
               </td>
               <td nowrap="true">14:53:43</td>
               <td nowrap="true" align="right">9s
                  
               </td>
               <td nowrap="true">
                   
                  
               </td>
            </tr>
            <tr>
               <td colspan="4"
                   style="padding: 0; background-color: white; border-style: none; height: 0px;">
                  <div id="testcases.Login_setup_byStatus_passed_PASS1_details"
                       class="testMethodDetails">
                     <div>
                        <b>Name:
                           
                        </b>setup
                     </div>
                     <div>
                        <b>Signature:
                           
                        </b>setup()[pri:0, instance:testcases.Login@4661e987]
                     </div>
                     <div>
                        <b>Start time:
                           
                        </b>14:53:43
                     </div>
                     <div>
                        <b>End time:
                           
                        </b>14:53:52
                     </div>
                     <div>
                        <b>Duration:
                           
                        </b>9s
                        
                     </div>
                  </div>
               </td>
            </tr>
            <tr></tr>
            <tr id="testcases.Login_testlogin_byStatus_passed_PASS2_row"
                class="testMethodStatusPASS">
               <td width="100%" class="firstMethodCell">
                  <a onclick="toggleDetailsVisibility('testcases.Login_testlogin_byStatus_passed_PASS2_details')">testlogin([#document: null])</a>
               </td>
               <td nowrap="true">14:53:52</td>
               <td nowrap="true" align="right">8s
                  
               </td>
               <td nowrap="true">
                   
                  
               </td>
            </tr>
            <tr>
               <td colspan="4"
                   style="padding: 0; background-color: white; border-style: none; height: 0px;">
                  <div id="testcases.Login_testlogin_byStatus_passed_PASS2_details"
                       class="testMethodDetails">
                     <div>
                        <b>Name:
                           
                        </b>testlogin
                     </div>
                     <div>
                        <b>Signature:
                           
                        </b>testlogin(org.w3c.dom.Document)[pri:0, instance:testcases.Login@4661e987]
                     </div>
                     <div>
                        <b>Parameters:
                           
                        </b>
                        
                        [#document: null]
                        
                        
                     </div>
                     <div>
                        <b>Start time:
                           
                        </b>14:53:52
                     </div>
                     <div>
                        <b>End time:
                           
                        </b>14:54:00
                     </div>
                     <div>
                        <b>Duration:
                           
                        </b>8s
                        
                     </div>
                  </div>
               </td>
            </tr>
            <tr></tr>
            <tr id="testcases.Login_teardown_byStatus_passed_PASS3_row"
                class="testMethodStatusPASS testMethodStatusCONF">
               <td width="100%" class="firstMethodCell">
                  <a onclick="toggleDetailsVisibility('testcases.Login_teardown_byStatus_passed_PASS3_details')">teardown()</a>
               </td>
               <td nowrap="true">14:54:00</td>
               <td nowrap="true" align="right">1s
                  
               </td>
               <td nowrap="true">
                   
                  
               </td>
            </tr>
            <tr>
               <td colspan="4"
                   style="padding: 0; background-color: white; border-style: none; height: 0px;">
                  <div id="testcases.Login_teardown_byStatus_passed_PASS3_details"
                       class="testMethodDetails">
                     <div>
                        <b>Name:
                           
                        </b>teardown
                     </div>
                     <div>
                        <b>Signature:
                           
                        </b>teardown()[pri:0, instance:testcases.Login@4661e987]
                     </div>
                     <div>
                        <b>Start time:
                           
                        </b>14:54:00
                     </div>
                     <div>
                        <b>End time:
                           
                        </b>14:54:01
                     </div>
                     <div>
                        <b>Duration:
                           
                        </b>1s
                        
                     </div>
                  </div>
               </td>
            </tr>
            <tr></tr>
            <tr id="testcases.Register_beforeClass_byStatus_passed_PASS4_row"
                class="testMethodStatusPASS testMethodStatusCONF">
               <td width="100%" class="firstMethodCell">
                  <a onclick="toggleDetailsVisibility('testcases.Register_beforeClass_byStatus_passed_PASS4_details')">beforeClass()</a>
               </td>
               <td nowrap="true">14:54:01</td>
               <td nowrap="true" align="right">9s
                  
               </td>
               <td nowrap="true">
                   
                  
               </td>
            </tr>
            <tr>
               <td colspan="4"
                   style="padding: 0; background-color: white; border-style: none; height: 0px;">
                  <div id="testcases.Register_beforeClass_byStatus_passed_PASS4_details"
                       class="testMethodDetails">
                     <div>
                        <b>Name:
                           
                        </b>beforeClass
                     </div>
                     <div>
                        <b>Signature:
                           
                        </b>beforeClass()[pri:0, instance:testcases.Register@1884b3bb]
                     </div>
                     <div>
                        <b>Start time:
                           
                        </b>14:54:01
                     </div>
                     <div>
                        <b>End time:
                           
                        </b>14:54:10
                     </div>
                     <div>
                        <b>Duration:
                           
                        </b>9s
                        
                     </div>
                  </div>
               </td>
            </tr>
            <tr></tr>
            <tr id="testcases.Register_testreg_byStatus_passed_PASS5_row"
                class="testMethodStatusPASS">
               <td width="100%" class="firstMethodCell">
                  <a onclick="toggleDetailsVisibility('testcases.Register_testreg_byStatus_passed_PASS5_details')">testreg([#document: null])</a>
               </td>
               <td nowrap="true">14:54:10</td>
               <td nowrap="true" align="right">5s
                  
               </td>
               <td nowrap="true">
                   
                  
               </td>
            </tr>
            <tr>
               <td colspan="4"
                   style="padding: 0; background-color: white; border-style: none; height: 0px;">
                  <div id="testcases.Register_testreg_byStatus_passed_PASS5_details"
                       class="testMethodDetails">
                     <div>
                        <b>Name:
                           
                        </b>testreg
                     </div>
                     <div>
                        <b>Signature:
                           
                        </b>testreg(org.w3c.dom.Document)[pri:0, instance:testcases.Register@1884b3bb]
                     </div>
                     <div>
                        <b>Parameters:
                           
                        </b>
                        
                        [#document: null]
                        
                        
                     </div>
                     <div>
                        <b>Start time:
                           
                        </b>14:54:10
                     </div>
                     <div>
                        <b>End time:
                           
                        </b>14:54:15
                     </div>
                     <div>
                        <b>Duration:
                           
                        </b>5s
                        
                     </div>
                  </div>
               </td>
            </tr>
            <tr></tr>
            <tr id="testcases.Register_afterClass_byStatus_passed_PASS6_row"
                class="testMethodStatusPASS testMethodStatusCONF">
               <td width="100%" class="firstMethodCell">
                  <a onclick="toggleDetailsVisibility('testcases.Register_afterClass_byStatus_passed_PASS6_details')">afterClass()</a>
               </td>
               <td nowrap="true">14:54:15</td>
               <td nowrap="true" align="right">1s
                  
               </td>
               <td nowrap="true">
                   
                  
               </td>
            </tr>
            <tr>
               <td colspan="4"
                   style="padding: 0; background-color: white; border-style: none; height: 0px;">
                  <div id="testcases.Register_afterClass_byStatus_passed_PASS6_details"
                       class="testMethodDetails">
                     <div>
                        <b>Name:
                           
                        </b>afterClass
                     </div>
                     <div>
                        <b>Signature:
                           
                        </b>afterClass()[pri:0, instance:testcases.Register@1884b3bb]
                     </div>
                     <div>
                        <b>Start time:
                           
                        </b>14:54:15
                     </div>
                     <div>
                        <b>End time:
                           
                        </b>14:54:16
                     </div>
                     <div>
                        <b>Duration:
                           
                        </b>1s
                        
                     </div>
                  </div>
               </td>
            </tr>
            <tr></tr>
            <tr id="testcases.Order_beforeClass_byStatus_passed_PASS7_row"
                class="testMethodStatusPASS testMethodStatusCONF">
               <td width="100%" class="firstMethodCell">
                  <a onclick="toggleDetailsVisibility('testcases.Order_beforeClass_byStatus_passed_PASS7_details')">beforeClass()</a>
               </td>
               <td nowrap="true">14:54:16</td>
               <td nowrap="true" align="right">9s
                  
               </td>
               <td nowrap="true">
                   
                  
               </td>
            </tr>
            <tr>
               <td colspan="4"
                   style="padding: 0; background-color: white; border-style: none; height: 0px;">
                  <div id="testcases.Order_beforeClass_byStatus_passed_PASS7_details"
                       class="testMethodDetails">
                     <div>
                        <b>Name:
                           
                        </b>beforeClass
                     </div>
                     <div>
                        <b>Signature:
                           
                        </b>beforeClass()[pri:0, instance:testcases.Order@f7fb9e0]
                     </div>
                     <div>
                        <b>Start time:
                           
                        </b>14:54:16
                     </div>
                     <div>
                        <b>End time:
                           
                        </b>14:54:25
                     </div>
                     <div>
                        <b>Duration:
                           
                        </b>9s
                        
                     </div>
                  </div>
               </td>
            </tr>
            <tr></tr>
            <tr id="testcases.Order_afterClass_byStatus_passed_PASS8_row"
                class="testMethodStatusPASS testMethodStatusCONF">
               <td width="100%" class="firstMethodCell">
                  <a onclick="toggleDetailsVisibility('testcases.Order_afterClass_byStatus_passed_PASS8_details')">afterClass()</a>
               </td>
               <td nowrap="true">14:57:17</td>
               <td nowrap="true" align="right">1s
                  
               </td>
               <td nowrap="true">
                   
                  
               </td>
            </tr>
            <tr>
               <td colspan="4"
                   style="padding: 0; background-color: white; border-style: none; height: 0px;">
                  <div id="testcases.Order_afterClass_byStatus_passed_PASS8_details"
                       class="testMethodDetails">
                     <div>
                        <b>Name:
                           
                        </b>afterClass
                     </div>
                     <div>
                        <b>Signature:
                           
                        </b>afterClass()[pri:0, instance:testcases.Order@f7fb9e0]
                     </div>
                     <div>
                        <b>Start time:
                           
                        </b>14:57:17
                     </div>
                     <div>
                        <b>End time:
                           
                        </b>14:57:18
                     </div>
                     <div>
                        <b>Duration:
                           
                        </b>1s
                        
                     </div>
                  </div>
               </td>
            </tr>
            <tr></tr>
            <tr id="testcases.PrintShop_beforeClass_byStatus_passed_PASS9_row"
                class="testMethodStatusPASS testMethodStatusCONF">
               <td width="100%" class="firstMethodCell">
                  <a onclick="toggleDetailsVisibility('testcases.PrintShop_beforeClass_byStatus_passed_PASS9_details')">beforeClass()</a>
               </td>
               <td nowrap="true">14:57:18</td>
               <td nowrap="true" align="right">8s
                  
               </td>
               <td nowrap="true">
                   
                  
               </td>
            </tr>
            <tr>
               <td colspan="4"
                   style="padding: 0; background-color: white; border-style: none; height: 0px;">
                  <div id="testcases.PrintShop_beforeClass_byStatus_passed_PASS9_details"
                       class="testMethodDetails">
                     <div>
                        <b>Name:
                           
                        </b>beforeClass
                     </div>
                     <div>
                        <b>Signature:
                           
                        </b>beforeClass()[pri:0, instance:testcases.PrintShop@6e28d8da]
                     </div>
                     <div>
                        <b>Start time:
                           
                        </b>14:57:18
                     </div>
                     <div>
                        <b>End time:
                           
                        </b>14:57:26
                     </div>
                     <div>
                        <b>Duration:
                           
                        </b>8s
                        
                     </div>
                  </div>
               </td>
            </tr>
            <tr></tr>
            <tr id="testcases.PrintShop_afterClass_byStatus_passed_PASS10_row"
                class="testMethodStatusPASS testMethodStatusCONF">
               <td width="100%" class="firstMethodCell">
                  <a onclick="toggleDetailsVisibility('testcases.PrintShop_afterClass_byStatus_passed_PASS10_details')">afterClass()</a>
               </td>
               <td nowrap="true">14:57:43</td>
               <td nowrap="true" align="right">1s
                  
               </td>
               <td nowrap="true">
                   
                  
               </td>
            </tr>
            <tr>
               <td colspan="4"
                   style="padding: 0; background-color: white; border-style: none; height: 0px;">
                  <div id="testcases.PrintShop_afterClass_byStatus_passed_PASS10_details"
                       class="testMethodDetails">
                     <div>
                        <b>Name:
                           
                        </b>afterClass
                     </div>
                     <div>
                        <b>Signature:
                           
                        </b>afterClass()[pri:0, instance:testcases.PrintShop@6e28d8da]
                     </div>
                     <div>
                        <b>Start time:
                           
                        </b>14:57:43
                     </div>
                     <div>
                        <b>End time:
                           
                        </b>14:57:44
                     </div>
                     <div>
                        <b>Duration:
                           
                        </b>1s
                        
                     </div>
                  </div>
               </td>
            </tr>
            <tr></tr>
            <tr id="testcases.ModifyData_beforeClass_byStatus_passed_PASS11_row"
                class="testMethodStatusPASS testMethodStatusCONF">
               <td width="100%" class="firstMethodCell">
                  <a onclick="toggleDetailsVisibility('testcases.ModifyData_beforeClass_byStatus_passed_PASS11_details')">beforeClass()</a>
               </td>
               <td nowrap="true">14:57:44</td>
               <td nowrap="true" align="right">8s
                  
               </td>
               <td nowrap="true">
                   
                  
               </td>
            </tr>
            <tr>
               <td colspan="4"
                   style="padding: 0; background-color: white; border-style: none; height: 0px;">
                  <div id="testcases.ModifyData_beforeClass_byStatus_passed_PASS11_details"
                       class="testMethodDetails">
                     <div>
                        <b>Name:
                           
                        </b>beforeClass
                     </div>
                     <div>
                        <b>Signature:
                           
                        </b>beforeClass()[pri:0, instance:testcases.ModifyData@324382f9]
                     </div>
                     <div>
                        <b>Start time:
                           
                        </b>14:57:44
                     </div>
                     <div>
                        <b>End time:
                           
                        </b>14:57:52
                     </div>
                     <div>
                        <b>Duration:
                           
                        </b>8s
                        
                     </div>
                  </div>
               </td>
            </tr>
            <tr></tr>
            <tr id="testcases.ModifyData_afterClass_byStatus_passed_PASS12_row"
                class="testMethodStatusPASS testMethodStatusCONF">
               <td width="100%" class="firstMethodCell">
                  <a onclick="toggleDetailsVisibility('testcases.ModifyData_afterClass_byStatus_passed_PASS12_details')">afterClass()</a>
               </td>
               <td nowrap="true">14:58:19</td>
               <td nowrap="true" align="right">1s
                  
               </td>
               <td nowrap="true">
                   
                  
               </td>
            </tr>
            <tr>
               <td colspan="4"
                   style="padding: 0; background-color: white; border-style: none; height: 0px;">
                  <div id="testcases.ModifyData_afterClass_byStatus_passed_PASS12_details"
                       class="testMethodDetails">
                     <div>
                        <b>Name:
                           
                        </b>afterClass
                     </div>
                     <div>
                        <b>Signature:
                           
                        </b>afterClass()[pri:0, instance:testcases.ModifyData@324382f9]
                     </div>
                     <div>
                        <b>Start time:
                           
                        </b>14:58:19
                     </div>
                     <div>
                        <b>End time:
                           
                        </b>14:58:20
                     </div>
                     <div>
                        <b>Duration:
                           
                        </b>1s
                        
                     </div>
                  </div>
               </td>
            </tr>
            <tr></tr>
            <tr id="testcases.DupRegister_beforeClass_byStatus_passed_PASS13_row"
                class="testMethodStatusPASS testMethodStatusCONF">
               <td width="100%" class="firstMethodCell">
                  <a onclick="toggleDetailsVisibility('testcases.DupRegister_beforeClass_byStatus_passed_PASS13_details')">beforeClass()</a>
               </td>
               <td nowrap="true">14:58:20</td>
               <td nowrap="true" align="right">8s
                  
               </td>
               <td nowrap="true">
                   
                  
               </td>
            </tr>
            <tr>
               <td colspan="4"
                   style="padding: 0; background-color: white; border-style: none; height: 0px;">
                  <div id="testcases.DupRegister_beforeClass_byStatus_passed_PASS13_details"
                       class="testMethodDetails">
                     <div>
                        <b>Name:
                           
                        </b>beforeClass
                     </div>
                     <div>
                        <b>Signature:
                           
                        </b>beforeClass()[pri:0, instance:testcases.DupRegister@2f7300c2]
                     </div>
                     <div>
                        <b>Start time:
                           
                        </b>14:58:20
                     </div>
                     <div>
                        <b>End time:
                           
                        </b>14:58:28
                     </div>
                     <div>
                        <b>Duration:
                           
                        </b>8s
                        
                     </div>
                  </div>
               </td>
            </tr>
            <tr></tr>
            <tr id="testcases.DupRegister_testdupreg_byStatus_passed_PASS14_row"
                class="testMethodStatusPASS">
               <td width="100%" class="firstMethodCell">
                  <a onclick="toggleDetailsVisibility('testcases.DupRegister_testdupreg_byStatus_passed_PASS14_details')">testdupreg([#document: null])</a>
               </td>
               <td nowrap="true">14:58:28</td>
               <td nowrap="true" align="right">735 ms
                  
               </td>
               <td nowrap="true">
                   
                  
               </td>
            </tr>
            <tr>
               <td colspan="4"
                   style="padding: 0; background-color: white; border-style: none; height: 0px;">
                  <div id="testcases.DupRegister_testdupreg_byStatus_passed_PASS14_details"
                       class="testMethodDetails">
                     <div>
                        <b>Name:
                           
                        </b>testdupreg
                     </div>
                     <div>
                        <b>Signature:
                           
                        </b>testdupreg(org.w3c.dom.Document)[pri:0, instance:testcases.DupRegister@2f7300c2]
                     </div>
                     <div>
                        <b>Parameters:
                           
                        </b>
                        
                        [#document: null]
                        
                        
                     </div>
                     <div>
                        <b>Start time:
                           
                        </b>14:58:28
                     </div>
                     <div>
                        <b>End time:
                           
                        </b>14:58:29
                     </div>
                     <div>
                        <b>Duration:
                           
                        </b>735 ms
                        
                     </div>
                  </div>
               </td>
            </tr>
            <tr></tr>
            <tr id="testcases.DupRegister_afterClass_byStatus_passed_PASS15_row"
                class="testMethodStatusPASS testMethodStatusCONF">
               <td width="100%" class="firstMethodCell">
                  <a onclick="toggleDetailsVisibility('testcases.DupRegister_afterClass_byStatus_passed_PASS15_details')">afterClass()</a>
               </td>
               <td nowrap="true">14:58:29</td>
               <td nowrap="true" align="right">2s
                  
               </td>
               <td nowrap="true">
                   
                  
               </td>
            </tr>
            <tr>
               <td colspan="4"
                   style="padding: 0; background-color: white; border-style: none; height: 0px;">
                  <div id="testcases.DupRegister_afterClass_byStatus_passed_PASS15_details"
                       class="testMethodDetails">
                     <div>
                        <b>Name:
                           
                        </b>afterClass
                     </div>
                     <div>
                        <b>Signature:
                           
                        </b>afterClass()[pri:0, instance:testcases.DupRegister@2f7300c2]
                     </div>
                     <div>
                        <b>Start time:
                           
                        </b>14:58:29
                     </div>
                     <div>
                        <b>End time:
                           
                        </b>14:58:31
                     </div>
                     <div>
                        <b>Duration:
                           
                        </b>2s
                        
                     </div>
                  </div>
               </td>
            </tr>
            <tr></tr>
            <tr id="testcases.LoginFail_setup_byStatus_passed_PASS16_row"
                class="testMethodStatusPASS testMethodStatusCONF">
               <td width="100%" class="firstMethodCell">
                  <a onclick="toggleDetailsVisibility('testcases.LoginFail_setup_byStatus_passed_PASS16_details')">setup()</a>
               </td>
               <td nowrap="true">14:58:31</td>
               <td nowrap="true" align="right">8s
                  
               </td>
               <td nowrap="true">
                   
                  
               </td>
            </tr>
            <tr>
               <td colspan="4"
                   style="padding: 0; background-color: white; border-style: none; height: 0px;">
                  <div id="testcases.LoginFail_setup_byStatus_passed_PASS16_details"
                       class="testMethodDetails">
                     <div>
                        <b>Name:
                           
                        </b>setup
                     </div>
                     <div>
                        <b>Signature:
                           
                        </b>setup()[pri:0, instance:testcases.LoginFail@2ffa1294]
                     </div>
                     <div>
                        <b>Start time:
                           
                        </b>14:58:31
                     </div>
                     <div>
                        <b>End time:
                           
                        </b>14:58:39
                     </div>
                     <div>
                        <b>Duration:
                           
                        </b>8s
                        
                     </div>
                  </div>
               </td>
            </tr>
            <tr></tr>
            <tr id="testcases.LoginFail_testloginfail_byStatus_passed_PASS17_row"
                class="testMethodStatusPASS">
               <td width="100%" class="firstMethodCell">
                  <a onclick="toggleDetailsVisibility('testcases.LoginFail_testloginfail_byStatus_passed_PASS17_details')">testloginfail([#document: null])</a>
               </td>
               <td nowrap="true">14:58:39</td>
               <td nowrap="true" align="right">7s
                  
               </td>
               <td nowrap="true">
                   
                  
               </td>
            </tr>
            <tr>
               <td colspan="4"
                   style="padding: 0; background-color: white; border-style: none; height: 0px;">
                  <div id="testcases.LoginFail_testloginfail_byStatus_passed_PASS17_details"
                       class="testMethodDetails">
                     <div>
                        <b>Name:
                           
                        </b>testloginfail
                     </div>
                     <div>
                        <b>Signature:
                           
                        </b>testloginfail(org.w3c.dom.Document)[pri:0, instance:testcases.LoginFail@2ffa1294]
                     </div>
                     <div>
                        <b>Parameters:
                           
                        </b>
                        
                        [#document: null]
                        
                        
                     </div>
                     <div>
                        <b>Start time:
                           
                        </b>14:58:39
                     </div>
                     <div>
                        <b>End time:
                           
                        </b>14:58:46
                     </div>
                     <div>
                        <b>Duration:
                           
                        </b>7s
                        
                     </div>
                  </div>
               </td>
            </tr>
            <tr></tr>
            <tr id="testcases.LoginFail_teardown_byStatus_passed_PASS18_row"
                class="testMethodStatusPASS testMethodStatusCONF">
               <td width="100%" class="firstMethodCell">
                  <a onclick="toggleDetailsVisibility('testcases.LoginFail_teardown_byStatus_passed_PASS18_details')">teardown()</a>
               </td>
               <td nowrap="true">14:58:46</td>
               <td nowrap="true" align="right">1s
                  
               </td>
               <td nowrap="true">
                   
                  
               </td>
            </tr>
            <tr>
               <td colspan="4"
                   style="padding: 0; background-color: white; border-style: none; height: 0px;">
                  <div id="testcases.LoginFail_teardown_byStatus_passed_PASS18_details"
                       class="testMethodDetails">
                     <div>
                        <b>Name:
                           
                        </b>teardown
                     </div>
                     <div>
                        <b>Signature:
                           
                        </b>teardown()[pri:0, instance:testcases.LoginFail@2ffa1294]
                     </div>
                     <div>
                        <b>Start time:
                           
                        </b>14:58:46
                     </div>
                     <div>
                        <b>End time:
                           
                        </b>14:58:47
                     </div>
                     <div>
                        <b>Duration:
                           
                        </b>1s
                        
                     </div>
                  </div>
               </td>
            </tr>
            <tr></tr>
            <tr id="testcases.ResetPwd_setup_byStatus_passed_PASS19_row"
                class="testMethodStatusPASS testMethodStatusCONF">
               <td width="100%" class="firstMethodCell">
                  <a onclick="toggleDetailsVisibility('testcases.ResetPwd_setup_byStatus_passed_PASS19_details')">setup()</a>
               </td>
               <td nowrap="true">14:58:47</td>
               <td nowrap="true" align="right">8s
                  
               </td>
               <td nowrap="true">
                   
                  
               </td>
            </tr>
            <tr>
               <td colspan="4"
                   style="padding: 0; background-color: white; border-style: none; height: 0px;">
                  <div id="testcases.ResetPwd_setup_byStatus_passed_PASS19_details"
                       class="testMethodDetails">
                     <div>
                        <b>Name:
                           
                        </b>setup
                     </div>
                     <div>
                        <b>Signature:
                           
                        </b>setup()[pri:0, instance:testcases.ResetPwd@5bbb8077]
                     </div>
                     <div>
                        <b>Start time:
                           
                        </b>14:58:47
                     </div>
                     <div>
                        <b>End time:
                           
                        </b>14:58:55
                     </div>
                     <div>
                        <b>Duration:
                           
                        </b>8s
                        
                     </div>
                  </div>
               </td>
            </tr>
            <tr></tr>
            <tr id="testcases.ResetPwd_testresetpwd_byStatus_passed_PASS20_row"
                class="testMethodStatusPASS">
               <td width="100%" class="firstMethodCell">
                  <a onclick="toggleDetailsVisibility('testcases.ResetPwd_testresetpwd_byStatus_passed_PASS20_details')">testresetpwd([#document: null])</a>
               </td>
               <td nowrap="true">14:58:55</td>
               <td nowrap="true" align="right">8s
                  
               </td>
               <td nowrap="true">
                   
                  
               </td>
            </tr>
            <tr>
               <td colspan="4"
                   style="padding: 0; background-color: white; border-style: none; height: 0px;">
                  <div id="testcases.ResetPwd_testresetpwd_byStatus_passed_PASS20_details"
                       class="testMethodDetails">
                     <div>
                        <b>Name:
                           
                        </b>testresetpwd
                     </div>
                     <div>
                        <b>Signature:
                           
                        </b>testresetpwd(org.w3c.dom.Document)[pri:0, instance:testcases.ResetPwd@5bbb8077]
                     </div>
                     <div>
                        <b>Parameters:
                           
                        </b>
                        
                        [#document: null]
                        
                        
                     </div>
                     <div>
                        <b>Start time:
                           
                        </b>14:58:55
                     </div>
                     <div>
                        <b>End time:
                           
                        </b>14:59:04
                     </div>
                     <div>
                        <b>Duration:
                           
                        </b>8s
                        
                     </div>
                  </div>
               </td>
            </tr>
            <tr></tr>
            <tr id="testcases.ResetPwd_teardown_byStatus_passed_PASS21_row"
                class="testMethodStatusPASS testMethodStatusCONF">
               <td width="100%" class="firstMethodCell">
                  <a onclick="toggleDetailsVisibility('testcases.ResetPwd_teardown_byStatus_passed_PASS21_details')">teardown()</a>
               </td>
               <td nowrap="true">14:59:04</td>
               <td nowrap="true" align="right">1s
                  
               </td>
               <td nowrap="true">
                   
                  
               </td>
            </tr>
            <tr>
               <td colspan="4"
                   style="padding: 0; background-color: white; border-style: none; height: 0px;">
                  <div id="testcases.ResetPwd_teardown_byStatus_passed_PASS21_details"
                       class="testMethodDetails">
                     <div>
                        <b>Name:
                           
                        </b>teardown
                     </div>
                     <div>
                        <b>Signature:
                           
                        </b>teardown()[pri:0, instance:testcases.ResetPwd@5bbb8077]
                     </div>
                     <div>
                        <b>Start time:
                           
                        </b>14:59:04
                     </div>
                     <div>
                        <b>End time:
                           
                        </b>14:59:05
                     </div>
                     <div>
                        <b>Duration:
                           
                        </b>1s
                        
                     </div>
                  </div>
               </td>
            </tr>
            <tr></tr>
            <tr id="testcases.ModifyPwd_beforeClass_byStatus_passed_PASS22_row"
                class="testMethodStatusPASS testMethodStatusCONF">
               <td width="100%" class="firstMethodCell">
                  <a onclick="toggleDetailsVisibility('testcases.ModifyPwd_beforeClass_byStatus_passed_PASS22_details')">beforeClass()</a>
               </td>
               <td nowrap="true">14:59:05</td>
               <td nowrap="true" align="right">8s
                  
               </td>
               <td nowrap="true">
                   
                  
               </td>
            </tr>
            <tr>
               <td colspan="4"
                   style="padding: 0; background-color: white; border-style: none; height: 0px;">
                  <div id="testcases.ModifyPwd_beforeClass_byStatus_passed_PASS22_details"
                       class="testMethodDetails">
                     <div>
                        <b>Name:
                           
                        </b>beforeClass
                     </div>
                     <div>
                        <b>Signature:
                           
                        </b>beforeClass()[pri:0, instance:testcases.ModifyPwd@6645d9b1]
                     </div>
                     <div>
                        <b>Start time:
                           
                        </b>14:59:05
                     </div>
                     <div>
                        <b>End time:
                           
                        </b>14:59:12
                     </div>
                     <div>
                        <b>Duration:
                           
                        </b>8s
                        
                     </div>
                  </div>
               </td>
            </tr>
            <tr></tr>
            <tr id="testcases.ModifyPwd_testmodifypwd_byStatus_passed_PASS23_row"
                class="testMethodStatusPASS">
               <td width="100%" class="firstMethodCell">
                  <a onclick="toggleDetailsVisibility('testcases.ModifyPwd_testmodifypwd_byStatus_passed_PASS23_details')">testmodifypwd([#document: null])</a>
               </td>
               <td nowrap="true">14:59:12</td>
               <td nowrap="true" align="right">13s
                  
               </td>
               <td nowrap="true">
                   
                  
               </td>
            </tr>
            <tr>
               <td colspan="4"
                   style="padding: 0; background-color: white; border-style: none; height: 0px;">
                  <div id="testcases.ModifyPwd_testmodifypwd_byStatus_passed_PASS23_details"
                       class="testMethodDetails">
                     <div>
                        <b>Name:
                           
                        </b>testmodifypwd
                     </div>
                     <div>
                        <b>Signature:
                           
                        </b>testmodifypwd(org.w3c.dom.Document)[pri:0, instance:testcases.ModifyPwd@6645d9b1]
                     </div>
                     <div>
                        <b>Parameters:
                           
                        </b>
                        
                        [#document: null]
                        
                        
                     </div>
                     <div>
                        <b>Start time:
                           
                        </b>14:59:12
                     </div>
                     <div>
                        <b>End time:
                           
                        </b>14:59:25
                     </div>
                     <div>
                        <b>Duration:
                           
                        </b>13s
                        
                     </div>
                  </div>
               </td>
            </tr>
            <tr></tr>
            <tr id="testcases.ModifyPwd_afterClass_byStatus_passed_PASS24_row"
                class="testMethodStatusPASS testMethodStatusCONF">
               <td width="100%" class="firstMethodCell">
                  <a onclick="toggleDetailsVisibility('testcases.ModifyPwd_afterClass_byStatus_passed_PASS24_details')">afterClass()</a>
               </td>
               <td nowrap="true">14:59:25</td>
               <td nowrap="true" align="right">1s
                  
               </td>
               <td nowrap="true">
                   
                  
               </td>
            </tr>
            <tr>
               <td colspan="4"
                   style="padding: 0; background-color: white; border-style: none; height: 0px;">
                  <div id="testcases.ModifyPwd_afterClass_byStatus_passed_PASS24_details"
                       class="testMethodDetails">
                     <div>
                        <b>Name:
                           
                        </b>afterClass
                     </div>
                     <div>
                        <b>Signature:
                           
                        </b>afterClass()[pri:0, instance:testcases.ModifyPwd@6645d9b1]
                     </div>
                     <div>
                        <b>Start time:
                           
                        </b>14:59:25
                     </div>
                     <div>
                        <b>End time:
                           
                        </b>14:59:26
                     </div>
                     <div>
                        <b>Duration:
                           
                        </b>1s
                        
                     </div>
                  </div>
               </td>
            </tr>
            <tr></tr>
         </table>
      </div>
      <div id="testMethodsByClass" style="display: none;">
         <table class="testMethodsTable" cellpadding="0" cellspacing="0">
            <tr>
               <td colspan="4">
                  <h3 style="display: inline;">testcases.DupRegister</h3>
               </td>
            </tr>
            <tr class="methodsTableHeader">
               <td width="100%">Name</td>
               <td nowrap="true">Started</td>
               <td nowrap="true">Duration</td>
               <td>Exception</td>
            </tr>
            <tr id="testcases.DupRegister_beforeClass_byClass_PASS1_row"
                class="testMethodStatusPASS testMethodStatusCONF">
               <td width="100%" class="firstMethodCell">
                  <a onclick="toggleDetailsVisibility('testcases.DupRegister_beforeClass_byClass_PASS1_details')">beforeClass()</a>
               </td>
               <td nowrap="true">14:58:20</td>
               <td nowrap="true" align="right">8s
                  
               </td>
               <td nowrap="true">
                   
                  
               </td>
            </tr>
            <tr>
               <td colspan="4"
                   style="padding: 0; background-color: white; border-style: none; height: 0px;">
                  <div id="testcases.DupRegister_beforeClass_byClass_PASS1_details"
                       class="testMethodDetails">
                     <div>
                        <b>Name:
                           
                        </b>beforeClass
                     </div>
                     <div>
                        <b>Signature:
                           
                        </b>beforeClass()[pri:0, instance:testcases.DupRegister@2f7300c2]
                     </div>
                     <div>
                        <b>Start time:
                           
                        </b>14:58:20
                     </div>
                     <div>
                        <b>End time:
                           
                        </b>14:58:28
                     </div>
                     <div>
                        <b>Duration:
                           
                        </b>8s
                        
                     </div>
                  </div>
               </td>
            </tr>
            <tr></tr>
            <tr id="testcases.DupRegister_testdupreg_byClass_PASS2_row"
                class="testMethodStatusPASS">
               <td width="100%" class="firstMethodCell">
                  <a onclick="toggleDetailsVisibility('testcases.DupRegister_testdupreg_byClass_PASS2_details')">testdupreg([#document: null])</a>
               </td>
               <td nowrap="true">14:58:28</td>
               <td nowrap="true" align="right">735 ms
                  
               </td>
               <td nowrap="true">
                   
                  
               </td>
            </tr>
            <tr>
               <td colspan="4"
                   style="padding: 0; background-color: white; border-style: none; height: 0px;">
                  <div id="testcases.DupRegister_testdupreg_byClass_PASS2_details"
                       class="testMethodDetails">
                     <div>
                        <b>Name:
                           
                        </b>testdupreg
                     </div>
                     <div>
                        <b>Signature:
                           
                        </b>testdupreg(org.w3c.dom.Document)[pri:0, instance:testcases.DupRegister@2f7300c2]
                     </div>
                     <div>
                        <b>Parameters:
                           
                        </b>
                        
                        [#document: null]
                        
                        
                     </div>
                     <div>
                        <b>Start time:
                           
                        </b>14:58:28
                     </div>
                     <div>
                        <b>End time:
                           
                        </b>14:58:29
                     </div>
                     <div>
                        <b>Duration:
                           
                        </b>735 ms
                        
                     </div>
                  </div>
               </td>
            </tr>
            <tr></tr>
            <tr id="testcases.DupRegister_afterClass_byClass_PASS3_row"
                class="testMethodStatusPASS testMethodStatusCONF">
               <td width="100%" class="firstMethodCell">
                  <a onclick="toggleDetailsVisibility('testcases.DupRegister_afterClass_byClass_PASS3_details')">afterClass()</a>
               </td>
               <td nowrap="true">14:58:29</td>
               <td nowrap="true" align="right">2s
                  
               </td>
               <td nowrap="true">
                   
                  
               </td>
            </tr>
            <tr>
               <td colspan="4"
                   style="padding: 0; background-color: white; border-style: none; height: 0px;">
                  <div id="testcases.DupRegister_afterClass_byClass_PASS3_details"
                       class="testMethodDetails">
                     <div>
                        <b>Name:
                           
                        </b>afterClass
                     </div>
                     <div>
                        <b>Signature:
                           
                        </b>afterClass()[pri:0, instance:testcases.DupRegister@2f7300c2]
                     </div>
                     <div>
                        <b>Start time:
                           
                        </b>14:58:29
                     </div>
                     <div>
                        <b>End time:
                           
                        </b>14:58:31
                     </div>
                     <div>
                        <b>Duration:
                           
                        </b>2s
                        
                     </div>
                  </div>
               </td>
            </tr>
            <tr></tr>
         </table>
         <br></br>
         <table class="testMethodsTable" cellpadding="0" cellspacing="0">
            <tr>
               <td colspan="4">
                  <h3 style="display: inline;">testcases.Login</h3>
               </td>
            </tr>
            <tr class="methodsTableHeader">
               <td width="100%">Name</td>
               <td nowrap="true">Started</td>
               <td nowrap="true">Duration</td>
               <td>Exception</td>
            </tr>
            <tr id="testcases.Login_setup_byClass_PASS1_row"
                class="testMethodStatusPASS testMethodStatusCONF">
               <td width="100%" class="firstMethodCell">
                  <a onclick="toggleDetailsVisibility('testcases.Login_setup_byClass_PASS1_details')">setup()</a>
               </td>
               <td nowrap="true">14:53:43</td>
               <td nowrap="true" align="right">9s
                  
               </td>
               <td nowrap="true">
                   
                  
               </td>
            </tr>
            <tr>
               <td colspan="4"
                   style="padding: 0; background-color: white; border-style: none; height: 0px;">
                  <div id="testcases.Login_setup_byClass_PASS1_details" class="testMethodDetails">
                     <div>
                        <b>Name:
                           
                        </b>setup
                     </div>
                     <div>
                        <b>Signature:
                           
                        </b>setup()[pri:0, instance:testcases.Login@4661e987]
                     </div>
                     <div>
                        <b>Start time:
                           
                        </b>14:53:43
                     </div>
                     <div>
                        <b>End time:
                           
                        </b>14:53:52
                     </div>
                     <div>
                        <b>Duration:
                           
                        </b>9s
                        
                     </div>
                  </div>
               </td>
            </tr>
            <tr></tr>
            <tr id="testcases.Login_testlogin_byClass_PASS2_row" class="testMethodStatusPASS">
               <td width="100%" class="firstMethodCell">
                  <a onclick="toggleDetailsVisibility('testcases.Login_testlogin_byClass_PASS2_details')">testlogin([#document: null])</a>
               </td>
               <td nowrap="true">14:53:52</td>
               <td nowrap="true" align="right">8s
                  
               </td>
               <td nowrap="true">
                   
                  
               </td>
            </tr>
            <tr>
               <td colspan="4"
                   style="padding: 0; background-color: white; border-style: none; height: 0px;">
                  <div id="testcases.Login_testlogin_byClass_PASS2_details" class="testMethodDetails">
                     <div>
                        <b>Name:
                           
                        </b>testlogin
                     </div>
                     <div>
                        <b>Signature:
                           
                        </b>testlogin(org.w3c.dom.Document)[pri:0, instance:testcases.Login@4661e987]
                     </div>
                     <div>
                        <b>Parameters:
                           
                        </b>
                        
                        [#document: null]
                        
                        
                     </div>
                     <div>
                        <b>Start time:
                           
                        </b>14:53:52
                     </div>
                     <div>
                        <b>End time:
                           
                        </b>14:54:00
                     </div>
                     <div>
                        <b>Duration:
                           
                        </b>8s
                        
                     </div>
                  </div>
               </td>
            </tr>
            <tr></tr>
            <tr id="testcases.Login_teardown_byClass_PASS3_row"
                class="testMethodStatusPASS testMethodStatusCONF">
               <td width="100%" class="firstMethodCell">
                  <a onclick="toggleDetailsVisibility('testcases.Login_teardown_byClass_PASS3_details')">teardown()</a>
               </td>
               <td nowrap="true">14:54:00</td>
               <td nowrap="true" align="right">1s
                  
               </td>
               <td nowrap="true">
                   
                  
               </td>
            </tr>
            <tr>
               <td colspan="4"
                   style="padding: 0; background-color: white; border-style: none; height: 0px;">
                  <div id="testcases.Login_teardown_byClass_PASS3_details" class="testMethodDetails">
                     <div>
                        <b>Name:
                           
                        </b>teardown
                     </div>
                     <div>
                        <b>Signature:
                           
                        </b>teardown()[pri:0, instance:testcases.Login@4661e987]
                     </div>
                     <div>
                        <b>Start time:
                           
                        </b>14:54:00
                     </div>
                     <div>
                        <b>End time:
                           
                        </b>14:54:01
                     </div>
                     <div>
                        <b>Duration:
                           
                        </b>1s
                        
                     </div>
                  </div>
               </td>
            </tr>
            <tr></tr>
         </table>
         <br></br>
         <table class="testMethodsTable" cellpadding="0" cellspacing="0">
            <tr>
               <td colspan="4">
                  <h3 style="display: inline;">testcases.LoginFail</h3>
               </td>
            </tr>
            <tr class="methodsTableHeader">
               <td width="100%">Name</td>
               <td nowrap="true">Started</td>
               <td nowrap="true">Duration</td>
               <td>Exception</td>
            </tr>
            <tr id="testcases.LoginFail_setup_byClass_PASS1_row"
                class="testMethodStatusPASS testMethodStatusCONF">
               <td width="100%" class="firstMethodCell">
                  <a onclick="toggleDetailsVisibility('testcases.LoginFail_setup_byClass_PASS1_details')">setup()</a>
               </td>
               <td nowrap="true">14:58:31</td>
               <td nowrap="true" align="right">8s
                  
               </td>
               <td nowrap="true">
                   
                  
               </td>
            </tr>
            <tr>
               <td colspan="4"
                   style="padding: 0; background-color: white; border-style: none; height: 0px;">
                  <div id="testcases.LoginFail_setup_byClass_PASS1_details" class="testMethodDetails">
                     <div>
                        <b>Name:
                           
                        </b>setup
                     </div>
                     <div>
                        <b>Signature:
                           
                        </b>setup()[pri:0, instance:testcases.LoginFail@2ffa1294]
                     </div>
                     <div>
                        <b>Start time:
                           
                        </b>14:58:31
                     </div>
                     <div>
                        <b>End time:
                           
                        </b>14:58:39
                     </div>
                     <div>
                        <b>Duration:
                           
                        </b>8s
                        
                     </div>
                  </div>
               </td>
            </tr>
            <tr></tr>
            <tr id="testcases.LoginFail_testloginfail_byClass_PASS2_row"
                class="testMethodStatusPASS">
               <td width="100%" class="firstMethodCell">
                  <a onclick="toggleDetailsVisibility('testcases.LoginFail_testloginfail_byClass_PASS2_details')">testloginfail([#document: null])</a>
               </td>
               <td nowrap="true">14:58:39</td>
               <td nowrap="true" align="right">7s
                  
               </td>
               <td nowrap="true">
                   
                  
               </td>
            </tr>
            <tr>
               <td colspan="4"
                   style="padding: 0; background-color: white; border-style: none; height: 0px;">
                  <div id="testcases.LoginFail_testloginfail_byClass_PASS2_details"
                       class="testMethodDetails">
                     <div>
                        <b>Name:
                           
                        </b>testloginfail
                     </div>
                     <div>
                        <b>Signature:
                           
                        </b>testloginfail(org.w3c.dom.Document)[pri:0, instance:testcases.LoginFail@2ffa1294]
                     </div>
                     <div>
                        <b>Parameters:
                           
                        </b>
                        
                        [#document: null]
                        
                        
                     </div>
                     <div>
                        <b>Start time:
                           
                        </b>14:58:39
                     </div>
                     <div>
                        <b>End time:
                           
                        </b>14:58:46
                     </div>
                     <div>
                        <b>Duration:
                           
                        </b>7s
                        
                     </div>
                  </div>
               </td>
            </tr>
            <tr></tr>
            <tr id="testcases.LoginFail_teardown_byClass_PASS3_row"
                class="testMethodStatusPASS testMethodStatusCONF">
               <td width="100%" class="firstMethodCell">
                  <a onclick="toggleDetailsVisibility('testcases.LoginFail_teardown_byClass_PASS3_details')">teardown()</a>
               </td>
               <td nowrap="true">14:58:46</td>
               <td nowrap="true" align="right">1s
                  
               </td>
               <td nowrap="true">
                   
                  
               </td>
            </tr>
            <tr>
               <td colspan="4"
                   style="padding: 0; background-color: white; border-style: none; height: 0px;">
                  <div id="testcases.LoginFail_teardown_byClass_PASS3_details"
                       class="testMethodDetails">
                     <div>
                        <b>Name:
                           
                        </b>teardown
                     </div>
                     <div>
                        <b>Signature:
                           
                        </b>teardown()[pri:0, instance:testcases.LoginFail@2ffa1294]
                     </div>
                     <div>
                        <b>Start time:
                           
                        </b>14:58:46
                     </div>
                     <div>
                        <b>End time:
                           
                        </b>14:58:47
                     </div>
                     <div>
                        <b>Duration:
                           
                        </b>1s
                        
                     </div>
                  </div>
               </td>
            </tr>
            <tr></tr>
         </table>
         <br></br>
         <table class="testMethodsTable" cellpadding="0" cellspacing="0">
            <tr>
               <td colspan="4">
                  <h3 style="display: inline;">testcases.ModifyData</h3>
               </td>
            </tr>
            <tr class="methodsTableHeader">
               <td width="100%">Name</td>
               <td nowrap="true">Started</td>
               <td nowrap="true">Duration</td>
               <td>Exception</td>
            </tr>
            <tr id="testcases.ModifyData_beforeClass_byClass_PASS1_row"
                class="testMethodStatusPASS testMethodStatusCONF">
               <td width="100%" class="firstMethodCell">
                  <a onclick="toggleDetailsVisibility('testcases.ModifyData_beforeClass_byClass_PASS1_details')">beforeClass()</a>
               </td>
               <td nowrap="true">14:57:44</td>
               <td nowrap="true" align="right">8s
                  
               </td>
               <td nowrap="true">
                   
                  
               </td>
            </tr>
            <tr>
               <td colspan="4"
                   style="padding: 0; background-color: white; border-style: none; height: 0px;">
                  <div id="testcases.ModifyData_beforeClass_byClass_PASS1_details"
                       class="testMethodDetails">
                     <div>
                        <b>Name:
                           
                        </b>beforeClass
                     </div>
                     <div>
                        <b>Signature:
                           
                        </b>beforeClass()[pri:0, instance:testcases.ModifyData@324382f9]
                     </div>
                     <div>
                        <b>Start time:
                           
                        </b>14:57:44
                     </div>
                     <div>
                        <b>End time:
                           
                        </b>14:57:52
                     </div>
                     <div>
                        <b>Duration:
                           
                        </b>8s
                        
                     </div>
                  </div>
               </td>
            </tr>
            <tr></tr>
            <tr id="testcases.ModifyData_testmodify_byClass_FAIL2_row"
                class="testMethodStatusFAIL">
               <td width="100%" class="firstMethodCell">
                  <a onclick="toggleDetailsVisibility('testcases.ModifyData_testmodify_byClass_FAIL2_details')">testmodify([#document: null])</a>
               </td>
               <td nowrap="true">14:57:52</td>
               <td nowrap="true" align="right">27s
                  
               </td>
               <td nowrap="true">
                  <a onclick="toggleDetailsVisibility('testcases.ModifyData_testmodify_byClass_FAIL2_exception')">org.openqa.selenium.NoSuchElementException: 
                     Unable to locate element: {"method":"xpath","selector":".//*[@id='app']/div/div[2]/div[2]/div[2]/div/div/div[1]/div[2]/div[5]/div[1]/div/i"}
                     Command duration or timeout: 13 milliseconds
                     For documentation on this error, please visit: http://seleniumhq.org/exceptions/no_such_element.html
                     Build info: version: '2.52.0', revision: '4c2593c', time: '2016-02-11 19:03:33'
                     System info: host: 'USER-20160327TR', ip: '192.168.199.230', os.name: 'Windows 7', os.arch: 'amd64', os.version: '6.1', java.version:
                     '1.7.0_79'
                     *** Element info: {Using=xpath, value=.//*[@id='app']/div/div[2]/div[2]/div[2]/div/div/div[1]/div[2]/div[5]/div[1]/div/i}
                     Session ID: e0a4ecd1-f634-4615-b464-4432739852d2
                     Driver info: org.openqa.selenium.firefox.FirefoxDriver
                     Capabilities [{platform=WINDOWS, acceptSslCerts=true, javascriptEnabled=true, cssSelectorsEnabled=true, databaseEnabled=true,
                     browserName=firefox, handlesAlerts=true, nativeEvents=false, webStorageEnabled=true, rotatable=false, locationContextEnabled=true,
                     applicationCacheEnabled=true, takesScreenshot=true, version=45.0.1}]
                     
                  </a>
                   
                  
               </td>
            </tr>
            <tr>
               <td colspan="4"
                   style="padding: 0; background-color: white; border-style: none; height: 0px;">
                  <div id="testcases.ModifyData_testmodify_byClass_FAIL2_details"
                       class="testMethodDetails">
                     <div>
                        <b>Name:
                           
                        </b>testmodify
                     </div>
                     <div>
                        <b>Signature:
                           
                        </b>testmodify(org.w3c.dom.Document)[pri:0, instance:testcases.ModifyData@324382f9]
                     </div>
                     <div>
                        <b>Parameters:
                           
                        </b>
                        
                        [#document: null]
                        
                        
                     </div>
                     <div>
                        <b>Start time:
                           
                        </b>14:57:52
                     </div>
                     <div>
                        <b>End time:
                           
                        </b>14:58:19
                     </div>
                     <div>
                        <b>Duration:
                           
                        </b>27s
                        
                     </div>
                  </div>
               </td>
            </tr>
            <tr>
               <td colspan="4"
                   style="padding: 0; background-color: white; border-style: none; height: 0px;">
                  <div id="testcases.ModifyData_testmodify_byClass_FAIL2_exception"
                       class="testMethodDetails">
                     <pre style="padding: 5px; margin: 0;">org.openqa.selenium.NoSuchElementException: Unable to locate element: {"method":"xpath","selector":".//*[@id='app']/div/div[2]/div[2]/div[2]/div/div/div[1]/div[2]/div[5]/div[1]/div/i"}
                        Command duration or timeout: 13 milliseconds
                        For documentation on this error, please visit: http://seleniumhq.org/exceptions/no_such_element.html
                        Build info: version: '2.52.0', revision: '4c2593c', time: '2016-02-11 19:03:33'
                        System info: host: 'USER-20160327TR', ip: '192.168.199.230', os.name: 'Windows 7', os.arch: 'amd64', os.version: '6.1', java.version:
                        '1.7.0_79'
                        *** Element info: {Using=xpath, value=.//*[@id='app']/div/div[2]/div[2]/div[2]/div/div/div[1]/div[2]/div[5]/div[1]/div/i}
                        Session ID: e0a4ecd1-f634-4615-b464-4432739852d2
                        Driver info: org.openqa.selenium.firefox.FirefoxDriver
                        Capabilities [{platform=WINDOWS, acceptSslCerts=true, javascriptEnabled=true, cssSelectorsEnabled=true, databaseEnabled=true,
                        browserName=firefox, handlesAlerts=true, nativeEvents=false, webStorageEnabled=true, rotatable=false, locationContextEnabled=true,
                        applicationCacheEnabled=true, takesScreenshot=true, version=45.0.1}]
                        	at sun.reflect.NativeConstructorAccessorImpl.newInstance0(Native Method)
                        	at sun.reflect.NativeConstructorAccessorImpl.newInstance(NativeConstructorAccessorImpl.java:57)
                        	at sun.reflect.DelegatingConstructorAccessorImpl.newInstance(DelegatingConstructorAccessorImpl.java:45)
                        	at java.lang.reflect.Constructor.newInstance(Constructor.java:526)
                        	at org.openqa.selenium.remote.ErrorHandler.createThrowable(ErrorHandler.java:206)
                        	at org.openqa.selenium.remote.ErrorHandler.throwIfResponseFailed(ErrorHandler.java:158)
                        	at org.openqa.selenium.remote.RemoteWebDriver.execute(RemoteWebDriver.java:678)
                        	at org.openqa.selenium.remote.RemoteWebDriver.findElement(RemoteWebDriver.java:363)
                        	at org.openqa.selenium.remote.RemoteWebDriver.findElementByXPath(RemoteWebDriver.java:500)
                        	at org.openqa.selenium.By$ByXPath.findElement(By.java:361)
                        	at org.openqa.selenium.remote.RemoteWebDriver.findElement(RemoteWebDriver.java:355)
                        	at commonfunction.CommonFunctions.clickitem(CommonFunctions.java:100)
                        	at testcases.ModifyData.testmodify(ModifyData.java:69)
                        	at sun.reflect.NativeMethodAccessorImpl.invoke0(Native Method)
                        	at sun.reflect.NativeMethodAccessorImpl.invoke(NativeMethodAccessorImpl.java:57)
                        	at sun.reflect.DelegatingMethodAccessorImpl.invoke(DelegatingMethodAccessorImpl.java:43)
                        	at java.lang.reflect.Method.invoke(Method.java:606)
                        	at org.testng.internal.MethodInvocationHelper.invokeMethod(MethodInvocationHelper.java:86)
                        	at org.testng.internal.Invoker.invokeMethod(Invoker.java:645)
                        	at org.testng.internal.Invoker.invokeTestMethod(Invoker.java:822)
                        	at org.testng.internal.Invoker.invokeTestMethods(Invoker.java:1130)
                        	at org.testng.internal.TestMethodWorker.invokeTestMethods(TestMethodWorker.java:129)
                        	at org.testng.internal.TestMethodWorker.run(TestMethodWorker.java:112)
                        	at org.testng.TestRunner.privateRun(TestRunner.java:782)
                        	at org.testng.TestRunner.run(TestRunner.java:632)
                        	at org.testng.SuiteRunner.runTest(SuiteRunner.java:366)
                        	at org.testng.SuiteRunner.runSequentially(SuiteRunner.java:361)
                        	at org.testng.SuiteRunner.privateRun(SuiteRunner.java:319)
                        	at org.testng.SuiteRunner.run(SuiteRunner.java:268)
                        	at org.testng.SuiteRunnerWorker.runSuite(SuiteRunnerWorker.java:52)
                        	at org.testng.SuiteRunnerWorker.run(SuiteRunnerWorker.java:86)
                        	at org.testng.TestNG.runSuitesSequentially(TestNG.java:1244)
                        	at org.testng.TestNG.runSuitesLocally(TestNG.java:1169)
                        	at org.testng.TestNG.run(TestNG.java:1064)
                        	at org.testng.remote.RemoteTestNG.run(RemoteTestNG.java:113)
                        	at org.testng.remote.RemoteTestNG.initAndRun(RemoteTestNG.java:206)
                        	at org.testng.remote.RemoteTestNG.main(RemoteTestNG.java:177)
                        Caused by: org.openqa.selenium.NoSuchElementException: Unable to locate element: {"method":"xpath","selector":".//*[@id='app']/div/div[2]/div[2]/div[2]/div/div/div[1]/div[2]/div[5]/div[1]/div/i"}
                        For documentation on this error, please visit: http://seleniumhq.org/exceptions/no_such_element.html
                        Build info: version: '2.52.0', revision: '4c2593c', time: '2016-02-11 19:03:33'
                        System info: host: 'USER-20160327TR', ip: '192.168.199.230', os.name: 'Windows 7', os.arch: 'amd64', os.version: '6.1', java.version:
                        '1.7.0_79'
                        Driver info: driver.version: unknown
                        	at &lt;anonymous class&gt;.FirefoxDriver.prototype.findElementInternal_(file:///C:/Users/ADMINI~1/AppData/Local/Temp/anonymous8801866255891589514webdriver-profile/extensions/fxdriver@googlecode.com/components/driver-component.js:10723)
                        	at &lt;anonymous class&gt;.FirefoxDriver.prototype.findElement(file:///C:/Users/ADMINI~1/AppData/Local/Temp/anonymous8801866255891589514webdriver-profile/extensions/fxdriver@googlecode.com/components/driver-component.js:10732)
                        	at &lt;anonymous class&gt;.DelayedCommand.prototype.executeInternal_/h(file:///C:/Users/ADMINI~1/AppData/Local/Temp/anonymous8801866255891589514webdriver-profile/extensions/fxdriver@googlecode.com/components/command-processor.js:12614)
                        	at &lt;anonymous class&gt;.DelayedCommand.prototype.executeInternal_(file:///C:/Users/ADMINI~1/AppData/Local/Temp/anonymous8801866255891589514webdriver-profile/extensions/fxdriver@googlecode.com/components/command-processor.js:12619)
                        	at &lt;anonymous class&gt;.DelayedCommand.prototype.execute/&lt;(file:///C:/Users/ADMINI~1/AppData/Local/Temp/anonymous8801866255891589514webdriver-profile/extensions/fxdriver@googlecode.com/components/command-processor.js:12561)
                     </pre>
                  </div>
               </td>
            </tr>
            <tr id="testcases.ModifyData_afterClass_byClass_PASS3_row"
                class="testMethodStatusPASS testMethodStatusCONF">
               <td width="100%" class="firstMethodCell">
                  <a onclick="toggleDetailsVisibility('testcases.ModifyData_afterClass_byClass_PASS3_details')">afterClass()</a>
               </td>
               <td nowrap="true">14:58:19</td>
               <td nowrap="true" align="right">1s
                  
               </td>
               <td nowrap="true">
                   
                  
               </td>
            </tr>
            <tr>
               <td colspan="4"
                   style="padding: 0; background-color: white; border-style: none; height: 0px;">
                  <div id="testcases.ModifyData_afterClass_byClass_PASS3_details"
                       class="testMethodDetails">
                     <div>
                        <b>Name:
                           
                        </b>afterClass
                     </div>
                     <div>
                        <b>Signature:
                           
                        </b>afterClass()[pri:0, instance:testcases.ModifyData@324382f9]
                     </div>
                     <div>
                        <b>Start time:
                           
                        </b>14:58:19
                     </div>
                     <div>
                        <b>End time:
                           
                        </b>14:58:20
                     </div>
                     <div>
                        <b>Duration:
                           
                        </b>1s
                        
                     </div>
                  </div>
               </td>
            </tr>
            <tr></tr>
         </table>
         <br></br>
         <table class="testMethodsTable" cellpadding="0" cellspacing="0">
            <tr>
               <td colspan="4">
                  <h3 style="display: inline;">testcases.ModifyPwd</h3>
               </td>
            </tr>
            <tr class="methodsTableHeader">
               <td width="100%">Name</td>
               <td nowrap="true">Started</td>
               <td nowrap="true">Duration</td>
               <td>Exception</td>
            </tr>
            <tr id="testcases.ModifyPwd_beforeClass_byClass_PASS1_row"
                class="testMethodStatusPASS testMethodStatusCONF">
               <td width="100%" class="firstMethodCell">
                  <a onclick="toggleDetailsVisibility('testcases.ModifyPwd_beforeClass_byClass_PASS1_details')">beforeClass()</a>
               </td>
               <td nowrap="true">14:59:05</td>
               <td nowrap="true" align="right">8s
                  
               </td>
               <td nowrap="true">
                   
                  
               </td>
            </tr>
            <tr>
               <td colspan="4"
                   style="padding: 0; background-color: white; border-style: none; height: 0px;">
                  <div id="testcases.ModifyPwd_beforeClass_byClass_PASS1_details"
                       class="testMethodDetails">
                     <div>
                        <b>Name:
                           
                        </b>beforeClass
                     </div>
                     <div>
                        <b>Signature:
                           
                        </b>beforeClass()[pri:0, instance:testcases.ModifyPwd@6645d9b1]
                     </div>
                     <div>
                        <b>Start time:
                           
                        </b>14:59:05
                     </div>
                     <div>
                        <b>End time:
                           
                        </b>14:59:12
                     </div>
                     <div>
                        <b>Duration:
                           
                        </b>8s
                        
                     </div>
                  </div>
               </td>
            </tr>
            <tr></tr>
            <tr id="testcases.ModifyPwd_testmodifypwd_byClass_PASS2_row"
                class="testMethodStatusPASS">
               <td width="100%" class="firstMethodCell">
                  <a onclick="toggleDetailsVisibility('testcases.ModifyPwd_testmodifypwd_byClass_PASS2_details')">testmodifypwd([#document: null])</a>
               </td>
               <td nowrap="true">14:59:12</td>
               <td nowrap="true" align="right">13s
                  
               </td>
               <td nowrap="true">
                   
                  
               </td>
            </tr>
            <tr>
               <td colspan="4"
                   style="padding: 0; background-color: white; border-style: none; height: 0px;">
                  <div id="testcases.ModifyPwd_testmodifypwd_byClass_PASS2_details"
                       class="testMethodDetails">
                     <div>
                        <b>Name:
                           
                        </b>testmodifypwd
                     </div>
                     <div>
                        <b>Signature:
                           
                        </b>testmodifypwd(org.w3c.dom.Document)[pri:0, instance:testcases.ModifyPwd@6645d9b1]
                     </div>
                     <div>
                        <b>Parameters:
                           
                        </b>
                        
                        [#document: null]
                        
                        
                     </div>
                     <div>
                        <b>Start time:
                           
                        </b>14:59:12
                     </div>
                     <div>
                        <b>End time:
                           
                        </b>14:59:25
                     </div>
                     <div>
                        <b>Duration:
                           
                        </b>13s
                        
                     </div>
                  </div>
               </td>
            </tr>
            <tr></tr>
            <tr id="testcases.ModifyPwd_afterClass_byClass_PASS3_row"
                class="testMethodStatusPASS testMethodStatusCONF">
               <td width="100%" class="firstMethodCell">
                  <a onclick="toggleDetailsVisibility('testcases.ModifyPwd_afterClass_byClass_PASS3_details')">afterClass()</a>
               </td>
               <td nowrap="true">14:59:25</td>
               <td nowrap="true" align="right">1s
                  
               </td>
               <td nowrap="true">
                   
                  
               </td>
            </tr>
            <tr>
               <td colspan="4"
                   style="padding: 0; background-color: white; border-style: none; height: 0px;">
                  <div id="testcases.ModifyPwd_afterClass_byClass_PASS3_details"
                       class="testMethodDetails">
                     <div>
                        <b>Name:
                           
                        </b>afterClass
                     </div>
                     <div>
                        <b>Signature:
                           
                        </b>afterClass()[pri:0, instance:testcases.ModifyPwd@6645d9b1]
                     </div>
                     <div>
                        <b>Start time:
                           
                        </b>14:59:25
                     </div>
                     <div>
                        <b>End time:
                           
                        </b>14:59:26
                     </div>
                     <div>
                        <b>Duration:
                           
                        </b>1s
                        
                     </div>
                  </div>
               </td>
            </tr>
            <tr></tr>
         </table>
         <br></br>
         <table class="testMethodsTable" cellpadding="0" cellspacing="0">
            <tr>
               <td colspan="4">
                  <h3 style="display: inline;">testcases.Order</h3>
               </td>
            </tr>
            <tr class="methodsTableHeader">
               <td width="100%">Name</td>
               <td nowrap="true">Started</td>
               <td nowrap="true">Duration</td>
               <td>Exception</td>
            </tr>
            <tr id="testcases.Order_beforeClass_byClass_PASS1_row"
                class="testMethodStatusPASS testMethodStatusCONF">
               <td width="100%" class="firstMethodCell">
                  <a onclick="toggleDetailsVisibility('testcases.Order_beforeClass_byClass_PASS1_details')">beforeClass()</a>
               </td>
               <td nowrap="true">14:54:16</td>
               <td nowrap="true" align="right">9s
                  
               </td>
               <td nowrap="true">
                   
                  
               </td>
            </tr>
            <tr>
               <td colspan="4"
                   style="padding: 0; background-color: white; border-style: none; height: 0px;">
                  <div id="testcases.Order_beforeClass_byClass_PASS1_details"
                       class="testMethodDetails">
                     <div>
                        <b>Name:
                           
                        </b>beforeClass
                     </div>
                     <div>
                        <b>Signature:
                           
                        </b>beforeClass()[pri:0, instance:testcases.Order@f7fb9e0]
                     </div>
                     <div>
                        <b>Start time:
                           
                        </b>14:54:16
                     </div>
                     <div>
                        <b>End time:
                           
                        </b>14:54:25
                     </div>
                     <div>
                        <b>Duration:
                           
                        </b>9s
                        
                     </div>
                  </div>
               </td>
            </tr>
            <tr></tr>
            <tr id="testcases.Order_testorder_byClass_FAIL2_row" class="testMethodStatusFAIL">
               <td width="100%" class="firstMethodCell">
                  <a onclick="toggleDetailsVisibility('testcases.Order_testorder_byClass_FAIL2_details')">testorder([#document: null])</a>
               </td>
               <td nowrap="true">14:54:25</td>
               <td nowrap="true" align="right">3m
                  52s
                  
               </td>
               <td nowrap="true">
                  <a onclick="toggleDetailsVisibility('testcases.Order_testorder_byClass_FAIL2_exception')">org.openqa.selenium.NoSuchElementException: 
                     Unable to locate element: {"method":"class name","selector":"logo-title"}
                     Command duration or timeout: 15 milliseconds
                     For documentation on this error, please visit: http://seleniumhq.org/exceptions/no_such_element.html
                     Build info: version: '2.52.0', revision: '4c2593c', time: '2016-02-11 19:03:33'
                     System info: host: 'USER-20160327TR', ip: '192.168.199.230', os.name: 'Windows 7', os.arch: 'amd64', os.version: '6.1', java.version:
                     '1.7.0_79'
                     *** Element info: {Using=class name, value=logo-title}
                     Session ID: 6f4ca35e-4311-4802-a2ed-31f038ee0f4b
                     Driver info: org.openqa.selenium.firefox.FirefoxDriver
                     Capabilities [{platform=WINDOWS, acceptSslCerts=true, javascriptEnabled=true, cssSelectorsEnabled=true, databaseEnabled=true,
                     browserName=firefox, handlesAlerts=true, nativeEvents=false, webStorageEnabled=true, rotatable=false, locationContextEnabled=true,
                     applicationCacheEnabled=true, takesScreenshot=true, version=45.0.1}]
                     
                  </a>
                   
                  
               </td>
            </tr>
            <tr>
               <td colspan="4"
                   style="padding: 0; background-color: white; border-style: none; height: 0px;">
                  <div id="testcases.Order_testorder_byClass_FAIL2_details" class="testMethodDetails">
                     <div>
                        <b>Name:
                           
                        </b>testorder
                     </div>
                     <div>
                        <b>Signature:
                           
                        </b>testorder(org.w3c.dom.Document)[pri:0, instance:testcases.Order@f7fb9e0]
                     </div>
                     <div>
                        <b>Parameters:
                           
                        </b>
                        
                        [#document: null]
                        
                        
                     </div>
                     <div>
                        <b>Start time:
                           
                        </b>14:54:25
                     </div>
                     <div>
                        <b>End time:
                           
                        </b>14:57:17
                     </div>
                     <div>
                        <b>Duration:
                           
                        </b>3m
                        52s
                        
                     </div>
                  </div>
               </td>
            </tr>
            <tr>
               <td colspan="4"
                   style="padding: 0; background-color: white; border-style: none; height: 0px;">
                  <div id="testcases.Order_testorder_byClass_FAIL2_exception"
                       class="testMethodDetails">
                     <pre style="padding: 5px; margin: 0;">org.openqa.selenium.NoSuchElementException: Unable to locate element: {"method":"class name","selector":"logo-title"}
                        Command duration or timeout: 15 milliseconds
                        For documentation on this error, please visit: http://seleniumhq.org/exceptions/no_such_element.html
                        Build info: version: '2.52.0', revision: '4c2593c', time: '2016-02-11 19:03:33'
                        System info: host: 'USER-20160327TR', ip: '192.168.199.230', os.name: 'Windows 7', os.arch: 'amd64', os.version: '6.1', java.version:
                        '1.7.0_79'
                        *** Element info: {Using=class name, value=logo-title}
                        Session ID: 6f4ca35e-4311-4802-a2ed-31f038ee0f4b
                        Driver info: org.openqa.selenium.firefox.FirefoxDriver
                        Capabilities [{platform=WINDOWS, acceptSslCerts=true, javascriptEnabled=true, cssSelectorsEnabled=true, databaseEnabled=true,
                        browserName=firefox, handlesAlerts=true, nativeEvents=false, webStorageEnabled=true, rotatable=false, locationContextEnabled=true,
                        applicationCacheEnabled=true, takesScreenshot=true, version=45.0.1}]
                        	at sun.reflect.NativeConstructorAccessorImpl.newInstance0(Native Method)
                        	at sun.reflect.NativeConstructorAccessorImpl.newInstance(NativeConstructorAccessorImpl.java:57)
                        	at sun.reflect.DelegatingConstructorAccessorImpl.newInstance(DelegatingConstructorAccessorImpl.java:45)
                        	at java.lang.reflect.Constructor.newInstance(Constructor.java:526)
                        	at org.openqa.selenium.remote.ErrorHandler.createThrowable(ErrorHandler.java:206)
                        	at org.openqa.selenium.remote.ErrorHandler.throwIfResponseFailed(ErrorHandler.java:158)
                        	at org.openqa.selenium.remote.RemoteWebDriver.execute(RemoteWebDriver.java:678)
                        	at org.openqa.selenium.remote.RemoteWebDriver.findElement(RemoteWebDriver.java:363)
                        	at org.openqa.selenium.remote.RemoteWebDriver.findElementByClassName(RemoteWebDriver.java:477)
                        	at org.openqa.selenium.By$ByClassName.findElement(By.java:391)
                        	at org.openqa.selenium.remote.RemoteWebDriver.findElement(RemoteWebDriver.java:355)
                        	at commonfunction.CommonFunctions.gettext(CommonFunctions.java:77)
                        	at testcases.Order.testorder(Order.java:54)
                        	at sun.reflect.NativeMethodAccessorImpl.invoke0(Native Method)
                        	at sun.reflect.NativeMethodAccessorImpl.invoke(NativeMethodAccessorImpl.java:57)
                        	at sun.reflect.DelegatingMethodAccessorImpl.invoke(DelegatingMethodAccessorImpl.java:43)
                        	at java.lang.reflect.Method.invoke(Method.java:606)
                        	at org.testng.internal.MethodInvocationHelper.invokeMethod(MethodInvocationHelper.java:86)
                        	at org.testng.internal.Invoker.invokeMethod(Invoker.java:645)
                        	at org.testng.internal.Invoker.invokeTestMethod(Invoker.java:822)
                        	at org.testng.internal.Invoker.invokeTestMethods(Invoker.java:1130)
                        	at org.testng.internal.TestMethodWorker.invokeTestMethods(TestMethodWorker.java:129)
                        	at org.testng.internal.TestMethodWorker.run(TestMethodWorker.java:112)
                        	at org.testng.TestRunner.privateRun(TestRunner.java:782)
                        	at org.testng.TestRunner.run(TestRunner.java:632)
                        	at org.testng.SuiteRunner.runTest(SuiteRunner.java:366)
                        	at org.testng.SuiteRunner.runSequentially(SuiteRunner.java:361)
                        	at org.testng.SuiteRunner.privateRun(SuiteRunner.java:319)
                        	at org.testng.SuiteRunner.run(SuiteRunner.java:268)
                        	at org.testng.SuiteRunnerWorker.runSuite(SuiteRunnerWorker.java:52)
                        	at org.testng.SuiteRunnerWorker.run(SuiteRunnerWorker.java:86)
                        	at org.testng.TestNG.runSuitesSequentially(TestNG.java:1244)
                        	at org.testng.TestNG.runSuitesLocally(TestNG.java:1169)
                        	at org.testng.TestNG.run(TestNG.java:1064)
                        	at org.testng.remote.RemoteTestNG.run(RemoteTestNG.java:113)
                        	at org.testng.remote.RemoteTestNG.initAndRun(RemoteTestNG.java:206)
                        	at org.testng.remote.RemoteTestNG.main(RemoteTestNG.java:177)
                        Caused by: org.openqa.selenium.NoSuchElementException: Unable to locate element: {"method":"class name","selector":"logo-title"}
                        For documentation on this error, please visit: http://seleniumhq.org/exceptions/no_such_element.html
                        Build info: version: '2.52.0', revision: '4c2593c', time: '2016-02-11 19:03:33'
                        System info: host: 'USER-20160327TR', ip: '192.168.199.230', os.name: 'Windows 7', os.arch: 'amd64', os.version: '6.1', java.version:
                        '1.7.0_79'
                        Driver info: driver.version: unknown
                        	at &lt;anonymous class&gt;.FirefoxDriver.prototype.findElementInternal_(file:///C:/Users/ADMINI~1/AppData/Local/Temp/anonymous4087291179658017009webdriver-profile/extensions/fxdriver@googlecode.com/components/driver-component.js:10723)
                        	at &lt;anonymous class&gt;.FirefoxDriver.prototype.findElement(file:///C:/Users/ADMINI~1/AppData/Local/Temp/anonymous4087291179658017009webdriver-profile/extensions/fxdriver@googlecode.com/components/driver-component.js:10732)
                        	at &lt;anonymous class&gt;.DelayedCommand.prototype.executeInternal_/h(file:///C:/Users/ADMINI~1/AppData/Local/Temp/anonymous4087291179658017009webdriver-profile/extensions/fxdriver@googlecode.com/components/command-processor.js:12614)
                        	at &lt;anonymous class&gt;.DelayedCommand.prototype.executeInternal_(file:///C:/Users/ADMINI~1/AppData/Local/Temp/anonymous4087291179658017009webdriver-profile/extensions/fxdriver@googlecode.com/components/command-processor.js:12619)
                        	at &lt;anonymous class&gt;.DelayedCommand.prototype.execute/&lt;(file:///C:/Users/ADMINI~1/AppData/Local/Temp/anonymous4087291179658017009webdriver-profile/extensions/fxdriver@googlecode.com/components/command-processor.js:12561)
                     </pre>
                  </div>
               </td>
            </tr>
            <tr id="testcases.Order_afterClass_byClass_PASS3_row"
                class="testMethodStatusPASS testMethodStatusCONF">
               <td width="100%" class="firstMethodCell">
                  <a onclick="toggleDetailsVisibility('testcases.Order_afterClass_byClass_PASS3_details')">afterClass()</a>
               </td>
               <td nowrap="true">14:57:17</td>
               <td nowrap="true" align="right">1s
                  
               </td>
               <td nowrap="true">
                   
                  
               </td>
            </tr>
            <tr>
               <td colspan="4"
                   style="padding: 0; background-color: white; border-style: none; height: 0px;">
                  <div id="testcases.Order_afterClass_byClass_PASS3_details" class="testMethodDetails">
                     <div>
                        <b>Name:
                           
                        </b>afterClass
                     </div>
                     <div>
                        <b>Signature:
                           
                        </b>afterClass()[pri:0, instance:testcases.Order@f7fb9e0]
                     </div>
                     <div>
                        <b>Start time:
                           
                        </b>14:57:17
                     </div>
                     <div>
                        <b>End time:
                           
                        </b>14:57:18
                     </div>
                     <div>
                        <b>Duration:
                           
                        </b>1s
                        
                     </div>
                  </div>
               </td>
            </tr>
            <tr></tr>
         </table>
         <br></br>
         <table class="testMethodsTable" cellpadding="0" cellspacing="0">
            <tr>
               <td colspan="4">
                  <h3 style="display: inline;">testcases.PrintShop</h3>
               </td>
            </tr>
            <tr class="methodsTableHeader">
               <td width="100%">Name</td>
               <td nowrap="true">Started</td>
               <td nowrap="true">Duration</td>
               <td>Exception</td>
            </tr>
            <tr id="testcases.PrintShop_beforeClass_byClass_PASS1_row"
                class="testMethodStatusPASS testMethodStatusCONF">
               <td width="100%" class="firstMethodCell">
                  <a onclick="toggleDetailsVisibility('testcases.PrintShop_beforeClass_byClass_PASS1_details')">beforeClass()</a>
               </td>
               <td nowrap="true">14:57:18</td>
               <td nowrap="true" align="right">8s
                  
               </td>
               <td nowrap="true">
                   
                  
               </td>
            </tr>
            <tr>
               <td colspan="4"
                   style="padding: 0; background-color: white; border-style: none; height: 0px;">
                  <div id="testcases.PrintShop_beforeClass_byClass_PASS1_details"
                       class="testMethodDetails">
                     <div>
                        <b>Name:
                           
                        </b>beforeClass
                     </div>
                     <div>
                        <b>Signature:
                           
                        </b>beforeClass()[pri:0, instance:testcases.PrintShop@6e28d8da]
                     </div>
                     <div>
                        <b>Start time:
                           
                        </b>14:57:18
                     </div>
                     <div>
                        <b>End time:
                           
                        </b>14:57:26
                     </div>
                     <div>
                        <b>Duration:
                           
                        </b>8s
                        
                     </div>
                  </div>
               </td>
            </tr>
            <tr></tr>
            <tr id="testcases.PrintShop_testprint_byClass_FAIL2_row"
                class="testMethodStatusFAIL">
               <td width="100%" class="firstMethodCell">
                  <a onclick="toggleDetailsVisibility('testcases.PrintShop_testprint_byClass_FAIL2_details')">testprint([#document: null])</a>
               </td>
               <td nowrap="true">14:57:26</td>
               <td nowrap="true" align="right">16s
                  
               </td>
               <td nowrap="true">
                  <a onclick="toggleDetailsVisibility('testcases.PrintShop_testprint_byClass_FAIL2_exception')">org.junit.ComparisonFailure: 
                     expected:&lt;[]好精神&gt; but was:&lt;[上海交通大学 ]好精神&gt;
                     
                  </a>
                   
                  
               </td>
            </tr>
            <tr>
               <td colspan="4"
                   style="padding: 0; background-color: white; border-style: none; height: 0px;">
                  <div id="testcases.PrintShop_testprint_byClass_FAIL2_details"
                       class="testMethodDetails">
                     <div>
                        <b>Name:
                           
                        </b>testprint
                     </div>
                     <div>
                        <b>Signature:
                           
                        </b>testprint(org.w3c.dom.Document)[pri:0, instance:testcases.PrintShop@6e28d8da]
                     </div>
                     <div>
                        <b>Parameters:
                           
                        </b>
                        
                        [#document: null]
                        
                        
                     </div>
                     <div>
                        <b>Start time:
                           
                        </b>14:57:26
                     </div>
                     <div>
                        <b>End time:
                           
                        </b>14:57:43
                     </div>
                     <div>
                        <b>Duration:
                           
                        </b>16s
                        
                     </div>
                  </div>
               </td>
            </tr>
            <tr>
               <td colspan="4"
                   style="padding: 0; background-color: white; border-style: none; height: 0px;">
                  <div id="testcases.PrintShop_testprint_byClass_FAIL2_exception"
                       class="testMethodDetails">
                     <pre style="padding: 5px; margin: 0;">org.junit.ComparisonFailure: expected:&lt;[]好精神&gt; but was:&lt;[上海交通大学 ]好精神&gt;
                        	at org.junit.Assert.assertEquals(Assert.java:115)
                        	at org.junit.Assert.assertEquals(Assert.java:144)
                        	at commonfunction.CommonFunctions.checkequal(CommonFunctions.java:184)
                        	at testcases.PrintShop.testprint(PrintShop.java:46)
                        	at sun.reflect.NativeMethodAccessorImpl.invoke0(Native Method)
                        	at sun.reflect.NativeMethodAccessorImpl.invoke(NativeMethodAccessorImpl.java:57)
                        	at sun.reflect.DelegatingMethodAccessorImpl.invoke(DelegatingMethodAccessorImpl.java:43)
                        	at java.lang.reflect.Method.invoke(Method.java:606)
                        	at org.testng.internal.MethodInvocationHelper.invokeMethod(MethodInvocationHelper.java:86)
                        	at org.testng.internal.Invoker.invokeMethod(Invoker.java:645)
                        	at org.testng.internal.Invoker.invokeTestMethod(Invoker.java:822)
                        	at org.testng.internal.Invoker.invokeTestMethods(Invoker.java:1130)
                        	at org.testng.internal.TestMethodWorker.invokeTestMethods(TestMethodWorker.java:129)
                        	at org.testng.internal.TestMethodWorker.run(TestMethodWorker.java:112)
                        	at org.testng.TestRunner.privateRun(TestRunner.java:782)
                        	at org.testng.TestRunner.run(TestRunner.java:632)
                        	at org.testng.SuiteRunner.runTest(SuiteRunner.java:366)
                        	at org.testng.SuiteRunner.runSequentially(SuiteRunner.java:361)
                        	at org.testng.SuiteRunner.privateRun(SuiteRunner.java:319)
                        	at org.testng.SuiteRunner.run(SuiteRunner.java:268)
                        	at org.testng.SuiteRunnerWorker.runSuite(SuiteRunnerWorker.java:52)
                        	at org.testng.SuiteRunnerWorker.run(SuiteRunnerWorker.java:86)
                        	at org.testng.TestNG.runSuitesSequentially(TestNG.java:1244)
                        	at org.testng.TestNG.runSuitesLocally(TestNG.java:1169)
                        	at org.testng.TestNG.run(TestNG.java:1064)
                        	at org.testng.remote.RemoteTestNG.run(RemoteTestNG.java:113)
                        	at org.testng.remote.RemoteTestNG.initAndRun(RemoteTestNG.java:206)
                        	at org.testng.remote.RemoteTestNG.main(RemoteTestNG.java:177)
                     </pre>
                  </div>
               </td>
            </tr>
            <tr id="testcases.PrintShop_afterClass_byClass_PASS3_row"
                class="testMethodStatusPASS testMethodStatusCONF">
               <td width="100%" class="firstMethodCell">
                  <a onclick="toggleDetailsVisibility('testcases.PrintShop_afterClass_byClass_PASS3_details')">afterClass()</a>
               </td>
               <td nowrap="true">14:57:43</td>
               <td nowrap="true" align="right">1s
                  
               </td>
               <td nowrap="true">
                   
                  
               </td>
            </tr>
            <tr>
               <td colspan="4"
                   style="padding: 0; background-color: white; border-style: none; height: 0px;">
                  <div id="testcases.PrintShop_afterClass_byClass_PASS3_details"
                       class="testMethodDetails">
                     <div>
                        <b>Name:
                           
                        </b>afterClass
                     </div>
                     <div>
                        <b>Signature:
                           
                        </b>afterClass()[pri:0, instance:testcases.PrintShop@6e28d8da]
                     </div>
                     <div>
                        <b>Start time:
                           
                        </b>14:57:43
                     </div>
                     <div>
                        <b>End time:
                           
                        </b>14:57:44
                     </div>
                     <div>
                        <b>Duration:
                           
                        </b>1s
                        
                     </div>
                  </div>
               </td>
            </tr>
            <tr></tr>
         </table>
         <br></br>
         <table class="testMethodsTable" cellpadding="0" cellspacing="0">
            <tr>
               <td colspan="4">
                  <h3 style="display: inline;">testcases.Register</h3>
               </td>
            </tr>
            <tr class="methodsTableHeader">
               <td width="100%">Name</td>
               <td nowrap="true">Started</td>
               <td nowrap="true">Duration</td>
               <td>Exception</td>
            </tr>
            <tr id="testcases.Register_beforeClass_byClass_PASS1_row"
                class="testMethodStatusPASS testMethodStatusCONF">
               <td width="100%" class="firstMethodCell">
                  <a onclick="toggleDetailsVisibility('testcases.Register_beforeClass_byClass_PASS1_details')">beforeClass()</a>
               </td>
               <td nowrap="true">14:54:01</td>
               <td nowrap="true" align="right">9s
                  
               </td>
               <td nowrap="true">
                   
                  
               </td>
            </tr>
            <tr>
               <td colspan="4"
                   style="padding: 0; background-color: white; border-style: none; height: 0px;">
                  <div id="testcases.Register_beforeClass_byClass_PASS1_details"
                       class="testMethodDetails">
                     <div>
                        <b>Name:
                           
                        </b>beforeClass
                     </div>
                     <div>
                        <b>Signature:
                           
                        </b>beforeClass()[pri:0, instance:testcases.Register@1884b3bb]
                     </div>
                     <div>
                        <b>Start time:
                           
                        </b>14:54:01
                     </div>
                     <div>
                        <b>End time:
                           
                        </b>14:54:10
                     </div>
                     <div>
                        <b>Duration:
                           
                        </b>9s
                        
                     </div>
                  </div>
               </td>
            </tr>
            <tr></tr>
            <tr id="testcases.Register_testreg_byClass_PASS2_row" class="testMethodStatusPASS">
               <td width="100%" class="firstMethodCell">
                  <a onclick="toggleDetailsVisibility('testcases.Register_testreg_byClass_PASS2_details')">testreg([#document: null])</a>
               </td>
               <td nowrap="true">14:54:10</td>
               <td nowrap="true" align="right">5s
                  
               </td>
               <td nowrap="true">
                   
                  
               </td>
            </tr>
            <tr>
               <td colspan="4"
                   style="padding: 0; background-color: white; border-style: none; height: 0px;">
                  <div id="testcases.Register_testreg_byClass_PASS2_details" class="testMethodDetails">
                     <div>
                        <b>Name:
                           
                        </b>testreg
                     </div>
                     <div>
                        <b>Signature:
                           
                        </b>testreg(org.w3c.dom.Document)[pri:0, instance:testcases.Register@1884b3bb]
                     </div>
                     <div>
                        <b>Parameters:
                           
                        </b>
                        
                        [#document: null]
                        
                        
                     </div>
                     <div>
                        <b>Start time:
                           
                        </b>14:54:10
                     </div>
                     <div>
                        <b>End time:
                           
                        </b>14:54:15
                     </div>
                     <div>
                        <b>Duration:
                           
                        </b>5s
                        
                     </div>
                  </div>
               </td>
            </tr>
            <tr></tr>
            <tr id="testcases.Register_afterClass_byClass_PASS3_row"
                class="testMethodStatusPASS testMethodStatusCONF">
               <td width="100%" class="firstMethodCell">
                  <a onclick="toggleDetailsVisibility('testcases.Register_afterClass_byClass_PASS3_details')">afterClass()</a>
               </td>
               <td nowrap="true">14:54:15</td>
               <td nowrap="true" align="right">1s
                  
               </td>
               <td nowrap="true">
                   
                  
               </td>
            </tr>
            <tr>
               <td colspan="4"
                   style="padding: 0; background-color: white; border-style: none; height: 0px;">
                  <div id="testcases.Register_afterClass_byClass_PASS3_details"
                       class="testMethodDetails">
                     <div>
                        <b>Name:
                           
                        </b>afterClass
                     </div>
                     <div>
                        <b>Signature:
                           
                        </b>afterClass()[pri:0, instance:testcases.Register@1884b3bb]
                     </div>
                     <div>
                        <b>Start time:
                           
                        </b>14:54:15
                     </div>
                     <div>
                        <b>End time:
                           
                        </b>14:54:16
                     </div>
                     <div>
                        <b>Duration:
                           
                        </b>1s
                        
                     </div>
                  </div>
               </td>
            </tr>
            <tr></tr>
         </table>
         <br></br>
         <table class="testMethodsTable" cellpadding="0" cellspacing="0">
            <tr>
               <td colspan="4">
                  <h3 style="display: inline;">testcases.ResetPwd</h3>
               </td>
            </tr>
            <tr class="methodsTableHeader">
               <td width="100%">Name</td>
               <td nowrap="true">Started</td>
               <td nowrap="true">Duration</td>
               <td>Exception</td>
            </tr>
            <tr id="testcases.ResetPwd_setup_byClass_PASS1_row"
                class="testMethodStatusPASS testMethodStatusCONF">
               <td width="100%" class="firstMethodCell">
                  <a onclick="toggleDetailsVisibility('testcases.ResetPwd_setup_byClass_PASS1_details')">setup()</a>
               </td>
               <td nowrap="true">14:58:47</td>
               <td nowrap="true" align="right">8s
                  
               </td>
               <td nowrap="true">
                   
                  
               </td>
            </tr>
            <tr>
               <td colspan="4"
                   style="padding: 0; background-color: white; border-style: none; height: 0px;">
                  <div id="testcases.ResetPwd_setup_byClass_PASS1_details" class="testMethodDetails">
                     <div>
                        <b>Name:
                           
                        </b>setup
                     </div>
                     <div>
                        <b>Signature:
                           
                        </b>setup()[pri:0, instance:testcases.ResetPwd@5bbb8077]
                     </div>
                     <div>
                        <b>Start time:
                           
                        </b>14:58:47
                     </div>
                     <div>
                        <b>End time:
                           
                        </b>14:58:55
                     </div>
                     <div>
                        <b>Duration:
                           
                        </b>8s
                        
                     </div>
                  </div>
               </td>
            </tr>
            <tr></tr>
            <tr id="testcases.ResetPwd_testresetpwd_byClass_PASS2_row"
                class="testMethodStatusPASS">
               <td width="100%" class="firstMethodCell">
                  <a onclick="toggleDetailsVisibility('testcases.ResetPwd_testresetpwd_byClass_PASS2_details')">testresetpwd([#document: null])</a>
               </td>
               <td nowrap="true">14:58:55</td>
               <td nowrap="true" align="right">8s
                  
               </td>
               <td nowrap="true">
                   
                  
               </td>
            </tr>
            <tr>
               <td colspan="4"
                   style="padding: 0; background-color: white; border-style: none; height: 0px;">
                  <div id="testcases.ResetPwd_testresetpwd_byClass_PASS2_details"
                       class="testMethodDetails">
                     <div>
                        <b>Name:
                           
                        </b>testresetpwd
                     </div>
                     <div>
                        <b>Signature:
                           
                        </b>testresetpwd(org.w3c.dom.Document)[pri:0, instance:testcases.ResetPwd@5bbb8077]
                     </div>
                     <div>
                        <b>Parameters:
                           
                        </b>
                        
                        [#document: null]
                        
                        
                     </div>
                     <div>
                        <b>Start time:
                           
                        </b>14:58:55
                     </div>
                     <div>
                        <b>End time:
                           
                        </b>14:59:04
                     </div>
                     <div>
                        <b>Duration:
                           
                        </b>8s
                        
                     </div>
                  </div>
               </td>
            </tr>
            <tr></tr>
            <tr id="testcases.ResetPwd_teardown_byClass_PASS3_row"
                class="testMethodStatusPASS testMethodStatusCONF">
               <td width="100%" class="firstMethodCell">
                  <a onclick="toggleDetailsVisibility('testcases.ResetPwd_teardown_byClass_PASS3_details')">teardown()</a>
               </td>
               <td nowrap="true">14:59:04</td>
               <td nowrap="true" align="right">1s
                  
               </td>
               <td nowrap="true">
                   
                  
               </td>
            </tr>
            <tr>
               <td colspan="4"
                   style="padding: 0; background-color: white; border-style: none; height: 0px;">
                  <div id="testcases.ResetPwd_teardown_byClass_PASS3_details"
                       class="testMethodDetails">
                     <div>
                        <b>Name:
                           
                        </b>teardown
                     </div>
                     <div>
                        <b>Signature:
                           
                        </b>teardown()[pri:0, instance:testcases.ResetPwd@5bbb8077]
                     </div>
                     <div>
                        <b>Start time:
                           
                        </b>14:59:04
                     </div>
                     <div>
                        <b>End time:
                           
                        </b>14:59:05
                     </div>
                     <div>
                        <b>Duration:
                           
                        </b>1s
                        
                     </div>
                  </div>
               </td>
            </tr>
            <tr></tr>
         </table>
         <br></br>
      </div>
      <div style="margin-top: 15px; color: gray; text-align: center; font-size: 9px;">
         Generated with
         
         <a href="http://code.google.com/p/testng-xslt/" style="color: #8888aa;"
            target="_blank">
            TestNG XSLT
            
         </a>
      </div>
   </body>
</html>