<?xml version="1.0" encoding="UTF-8"?>
<testng-results skipped="0" failed="0" total="1" passed="1">
  <reporter-output>
  </reporter-output>
  <suite name="Default suite" duration-ms="39953" started-at="2016-04-07T02:35:53Z" finished-at="2016-04-07T02:36:33Z">
    <groups>
    </groups>
    <test name="Default test" duration-ms="39953" started-at="2016-04-07T02:35:53Z" finished-at="2016-04-07T02:36:33Z">
      <class name="testcases.Order">
        <test-method status="PASS" signature="beforeClass()[pri:0, instance:testcases.Order@1307e9af]" name="beforeClass" is-config="true" duration-ms="10077" started-at="2016-04-07T10:35:53Z" finished-at="2016-04-07T10:36:03Z">
          <reporter-output>
          </reporter-output>
        </test-method> <!-- beforeClass -->
        <test-method status="PASS" signature="testorder(org.w3c.dom.Document)[pri:0, instance:testcases.Order@1307e9af]" name="testorder" duration-ms="28475" started-at="2016-04-07T10:36:03Z" data-provider="Test_xml_dataprovider" finished-at="2016-04-07T10:36:32Z">
          <params>
            <param index="0">
              <value>
                <![CDATA[[#document: null]]]>
              </value>
            </param>
          </params>
          <reporter-output>
          </reporter-output>
        </test-method> <!-- testorder -->
        <test-method status="PASS" signature="afterClass()[pri:0, instance:testcases.Order@1307e9af]" name="afterClass" is-config="true" duration-ms="1387" started-at="2016-04-07T10:36:32Z" finished-at="2016-04-07T10:36:33Z">
          <reporter-output>
          </reporter-output>
        </test-method> <!-- afterClass -->
      </class> <!-- testcases.Order -->
    </test> <!-- Default test -->
  </suite> <!-- Default suite -->
</testng-results>
